<?xml version="1.0" encoding="UTF-8"?>
<!-- Generated by org.testng.reporters.JUnitXMLReporter -->
<testsuite hostname="Rahul-Mahajans-Temp-MacBook-Pro" ignored="0" name="Command line test ad01ec63-f74b-4580-a8dc-60338445e287" tests="1" failures="0" timestamp="2021-05-23T11:59:26 IST" time="5.839" errors="0">
  <testcase name="@BeforeMethod beforeMethod" time="0.002" classname="org.dolphin.AlertTest">
    <skipped/>
  </testcase> <!-- @BeforeMethod beforeMethod -->
  <testcase name="@AfterClass afterClass" time="-1.621751366963E9" classname="org.dolphin.AlertTest">
    <skipped/>
  </testcase> <!-- @AfterClass afterClass -->
  <testcase name="verifyAlertHandling" time="0.0" classname="org.dolphin.AlertTest">
    <skipped/>
  </testcase> <!-- verifyAlertHandling -->
</testsuite> <!-- Command line test ad01ec63-f74b-4580-a8dc-60338445e287 -->
