<?xml version="1.0" encoding="UTF-8"?>
<!-- Generated by org.testng.reporters.JUnitXMLReporter -->
<testsuite hostname="Rahul-Mahajans-Temp-MacBook-Pro" ignored="0" name="Command line test 5111c641-00c5-479b-997d-e96bd6831a16" tests="1" failures="0" timestamp="2021-05-23T10:34:01 IST" time="2.666" errors="0">
  <testcase name="@BeforeMethod beforeMethod" time="0.002" classname="org.dolphin.AlertTest">
    <skipped/>
  </testcase> <!-- @BeforeMethod beforeMethod -->
  <testcase name="@AfterClass afterClass" time="-1.621746241028E9" classname="org.dolphin.AlertTest">
    <skipped/>
  </testcase> <!-- @AfterClass afterClass -->
  <testcase name="verifyAlertHandling" time="0.0" classname="org.dolphin.AlertTest">
    <skipped/>
  </testcase> <!-- verifyAlertHandling -->
</testsuite> <!-- Command line test 5111c641-00c5-479b-997d-e96bd6831a16 -->
