<?xml version="1.0" encoding="UTF-8"?>
<!-- Generated by org.testng.reporters.JUnitXMLReporter -->
<testsuite hostname="Rahul-Mahajans-Temp-MacBook-Pro" ignored="0" name="Command line test e6899571-b427-4239-800e-19184eac8fd2" tests="1" failures="0" timestamp="2021-05-23T10:37:30 IST" time="10.901" errors="0">
  <testcase name="@BeforeMethod beforeMethod" time="0.002" classname="org.dolphin.AlertTest">
    <skipped/>
  </testcase> <!-- @BeforeMethod beforeMethod -->
  <testcase name="@AfterClass afterClass" time="-1.621746450147E9" classname="org.dolphin.AlertTest">
    <skipped/>
  </testcase> <!-- @AfterClass afterClass -->
  <testcase name="verifyAlertHandling" time="0.0" classname="org.dolphin.AlertTest">
    <skipped/>
  </testcase> <!-- verifyAlertHandling -->
</testsuite> <!-- Command line test e6899571-b427-4239-800e-19184eac8fd2 -->
