<?xml version="1.0" encoding="UTF-8"?>
<!-- Generated by org.testng.reporters.JUnitXMLReporter -->
<testsuite hostname="Rahul-Mahajans-Temp-MacBook-Pro" ignored="2" name="Command line test 1f9b86d3-d075-46c3-b81b-d6c2735597b0" tests="1" failures="1" timestamp="2021-05-14T09:42:54 IST" time="0.004" errors="0">
  <testcase name="c" time="0.001" classname="org.dolphin.WidgetTest">
    <failure type="java.lang.AssertionError" message="expected [false] but found [true]">
      <![CDATA[java.lang.AssertionError: expected [false] but found [true]
at org.dolphin.WidgetTest.c(WidgetTest.java:39)
at java.util.concurrent.ThreadPoolExecutor.runWorker(ThreadPoolExecutor.java:1149)
at java.util.concurrent.ThreadPoolExecutor$Worker.run(ThreadPoolExecutor.java:624)
at java.lang.Thread.run(Thread.java:748)
... Removed 16 stack frames]]>
    </failure>
  </testcase> <!-- c -->
  <testcase name="a" time="0.0" classname="org.dolphin.WidgetTest">
    <ignored/>
  </testcase> <!-- a -->
  <testcase name="z" time="0.0" classname="org.dolphin.WidgetTest">
    <ignored/>
  </testcase> <!-- z -->
</testsuite> <!-- Command line test 1f9b86d3-d075-46c3-b81b-d6c2735597b0 -->
