<?xml version="1.0" encoding="UTF-8"?>
<!-- Generated by org.testng.reporters.JUnitXMLReporter -->
<testsuite hostname="Rahul-Mahajans-Temp-MacBook-Pro" ignored="18" name="Command line test 7f32c629-1062-4e7e-961f-8a30d4185ab5" tests="41" failures="0" timestamp="2021-05-23T12:32:07 IST" time="1.161" errors="0">
  <testcase name="@BeforeClass initilization" time="0.07" classname="org.dolphin.AlertTest">
    <failure type="io.github.bonigarcia.wdm.config.WebDriverManagerException" message="io.github.bonigarcia.wdm.config.WebDriverManagerException: java.net.UnknownHostException: chromedriver.storage.googleapis.com">
      <![CDATA[io.github.bonigarcia.wdm.config.WebDriverManagerException: io.github.bonigarcia.wdm.config.WebDriverManagerException: java.net.UnknownHostException: chromedriver.storage.googleapis.com
at io.github.bonigarcia.wdm.WebDriverManager.handleException(WebDriverManager.java:802)
at io.github.bonigarcia.wdm.WebDriverManager.manage(WebDriverManager.java:593)
at io.github.bonigarcia.wdm.WebDriverManager.fallback(WebDriverManager.java:818)
at io.github.bonigarcia.wdm.WebDriverManager.handleException(WebDriverManager.java:799)
at io.github.bonigarcia.wdm.WebDriverManager.manage(WebDriverManager.java:593)
at io.github.bonigarcia.wdm.WebDriverManager.handleException(WebDriverManager.java:792)
at io.github.bonigarcia.wdm.WebDriverManager.manage(WebDriverManager.java:593)
at io.github.bonigarcia.wdm.WebDriverManager.setup(WebDriverManager.java:286)
at org.dolphin.Base.setDriver(Base.java:54)
at org.dolphin.Base.getDriver(Base.java:62)
at org.dolphin.AlertTest.initilization(AlertTest.java:20)
at java.util.concurrent.ThreadPoolExecutor.runWorker(ThreadPoolExecutor.java:1149)
at java.util.concurrent.ThreadPoolExecutor$Worker.run(ThreadPoolExecutor.java:624)
at java.lang.Thread.run(Thread.java:748)
Caused by: io.github.bonigarcia.wdm.config.WebDriverManagerException: java.net.UnknownHostException: chromedriver.storage.googleapis.com
at io.github.bonigarcia.wdm.WebDriverManager.getDriversFromXml(WebDriverManager.java:945)
at io.github.bonigarcia.wdm.managers.ChromeDriverManager.getDriverUrls(ChromeDriverManager.java:100)
at io.github.bonigarcia.wdm.WebDriverManager.createUrlHandler(WebDriverManager.java:823)
at io.github.bonigarcia.wdm.WebDriverManager.download(WebDriverManager.java:670)
at io.github.bonigarcia.wdm.WebDriverManager.manage(WebDriverManager.java:587)
... 22 more
Caused by: java.net.UnknownHostException: chromedriver.storage.googleapis.com
at java.net.InetAddress.getAllByName0(InetAddress.java:1281)
at java.net.InetAddress.getAllByName(InetAddress.java:1193)
at java.net.InetAddress.getAllByName(InetAddress.java:1127)
at org.apache.hc.client5.http.SystemDefaultDnsResolver.resolve(SystemDefaultDnsResolver.java:43)
at org.apache.hc.client5.http.impl.io.DefaultHttpClientConnectionOperator.connect(DefaultHttpClientConnectionOperator.java:118)
at org.apache.hc.client5.http.impl.io.PoolingHttpClientConnectionManager.connect(PoolingHttpClientConnectionManager.java:409)
at org.apache.hc.client5.http.impl.classic.InternalExecRuntime.connectEndpoint(InternalExecRuntime.java:164)
at org.apache.hc.client5.http.impl.classic.InternalExecRuntime.connectEndpoint(InternalExecRuntime.java:174)
at org.apache.hc.client5.http.impl.classic.ConnectExec.execute(ConnectExec.java:135)
at org.apache.hc.client5.http.impl.classic.ExecChainElement.execute(ExecChainElement.java:51)
at org.apache.hc.client5.http.impl.classic.ExecChainElement$1.proceed(ExecChainElement.java:57)
at org.apache.hc.client5.http.impl.classic.ProtocolExec.execute(ProtocolExec.java:172)
at org.apache.hc.client5.http.impl.classic.ExecChainElement.execute(ExecChainElement.java:51)
at org.apache.hc.client5.http.impl.classic.ExecChainElement$1.proceed(ExecChainElement.java:57)
at org.apache.hc.client5.http.impl.classic.HttpRequestRetryExec.execute(HttpRequestRetryExec.java:93)
at org.apache.hc.client5.http.impl.classic.ExecChainElement.execute(ExecChainElement.java:51)
at org.apache.hc.client5.http.impl.classic.ExecChainElement$1.proceed(ExecChainElement.java:57)
at org.apache.hc.client5.http.impl.classic.ContentCompressionExec.execute(ContentCompressionExec.java:128)
at org.apache.hc.client5.http.impl.classic.ExecChainElement.execute(ExecChainElement.java:51)
at org.apache.hc.client5.http.impl.classic.ExecChainElement$1.proceed(ExecChainElement.java:57)
at org.apache.hc.client5.http.impl.classic.RedirectExec.execute(RedirectExec.java:116)
at org.apache.hc.client5.http.impl.classic.ExecChainElement.execute(ExecChainElement.java:51)
at org.apache.hc.client5.http.impl.classic.InternalHttpClient.doExecute(InternalHttpClient.java:178)
at org.apache.hc.client5.http.impl.classic.CloseableHttpClient.execute(CloseableHttpClient.java:75)
at org.apache.hc.client5.http.impl.classic.CloseableHttpClient.execute(CloseableHttpClient.java:89)
at io.github.bonigarcia.wdm.online.HttpClient.execute(HttpClient.java:139)
at io.github.bonigarcia.wdm.WebDriverManager.getDriversFromXml(WebDriverManager.java:930)
... 26 more
... Removed 10 stack frames]]>
    </failure>
  </testcase> <!-- @BeforeClass initilization -->
  <testcase name="@BeforeMethod beforeMethod" time="-1.621753326437E9" classname="org.dolphin.AlertTest">
    <skipped/>
  </testcase> <!-- @BeforeMethod beforeMethod -->
  <testcase name="@AfterClass afterClass" time="-1.621753326438E9" classname="org.dolphin.AlertTest">
    <skipped/>
  </testcase> <!-- @AfterClass afterClass -->
  <testcase name="@BeforeClass init" time="0.133" classname="org.dolphin.ProgressBarTest">
    <failure type="io.github.bonigarcia.wdm.config.WebDriverManagerException" message="io.github.bonigarcia.wdm.config.WebDriverManagerException: java.net.UnknownHostException: chromedriver.storage.googleapis.com">
      <![CDATA[io.github.bonigarcia.wdm.config.WebDriverManagerException: io.github.bonigarcia.wdm.config.WebDriverManagerException: java.net.UnknownHostException: chromedriver.storage.googleapis.com
at io.github.bonigarcia.wdm.WebDriverManager.handleException(WebDriverManager.java:802)
at io.github.bonigarcia.wdm.WebDriverManager.manage(WebDriverManager.java:593)
at io.github.bonigarcia.wdm.WebDriverManager.fallback(WebDriverManager.java:818)
at io.github.bonigarcia.wdm.WebDriverManager.handleException(WebDriverManager.java:799)
at io.github.bonigarcia.wdm.WebDriverManager.manage(WebDriverManager.java:593)
at io.github.bonigarcia.wdm.WebDriverManager.handleException(WebDriverManager.java:792)
at io.github.bonigarcia.wdm.WebDriverManager.manage(WebDriverManager.java:593)
at io.github.bonigarcia.wdm.WebDriverManager.setup(WebDriverManager.java:286)
at org.dolphin.Base.setDriver(Base.java:54)
at org.dolphin.Base.getDriver(Base.java:62)
at org.dolphin.ProgressBarTest.init(ProgressBarTest.java:23)
at java.util.concurrent.ThreadPoolExecutor.runWorker(ThreadPoolExecutor.java:1149)
at java.util.concurrent.ThreadPoolExecutor$Worker.run(ThreadPoolExecutor.java:624)
at java.lang.Thread.run(Thread.java:748)
Caused by: io.github.bonigarcia.wdm.config.WebDriverManagerException: java.net.UnknownHostException: chromedriver.storage.googleapis.com
at io.github.bonigarcia.wdm.WebDriverManager.getDriversFromXml(WebDriverManager.java:945)
at io.github.bonigarcia.wdm.managers.ChromeDriverManager.getDriverUrls(ChromeDriverManager.java:100)
at io.github.bonigarcia.wdm.WebDriverManager.createUrlHandler(WebDriverManager.java:823)
at io.github.bonigarcia.wdm.WebDriverManager.download(WebDriverManager.java:670)
at io.github.bonigarcia.wdm.WebDriverManager.manage(WebDriverManager.java:587)
... 22 more
Caused by: java.net.UnknownHostException: chromedriver.storage.googleapis.com
at java.net.InetAddress.getAllByName0(InetAddress.java:1281)
at java.net.InetAddress.getAllByName(InetAddress.java:1193)
at java.net.InetAddress.getAllByName(InetAddress.java:1127)
at org.apache.hc.client5.http.SystemDefaultDnsResolver.resolve(SystemDefaultDnsResolver.java:43)
at org.apache.hc.client5.http.impl.io.DefaultHttpClientConnectionOperator.connect(DefaultHttpClientConnectionOperator.java:118)
at org.apache.hc.client5.http.impl.io.PoolingHttpClientConnectionManager.connect(PoolingHttpClientConnectionManager.java:409)
at org.apache.hc.client5.http.impl.classic.InternalExecRuntime.connectEndpoint(InternalExecRuntime.java:164)
at org.apache.hc.client5.http.impl.classic.InternalExecRuntime.connectEndpoint(InternalExecRuntime.java:174)
at org.apache.hc.client5.http.impl.classic.ConnectExec.execute(ConnectExec.java:135)
at org.apache.hc.client5.http.impl.classic.ExecChainElement.execute(ExecChainElement.java:51)
at org.apache.hc.client5.http.impl.classic.ExecChainElement$1.proceed(ExecChainElement.java:57)
at org.apache.hc.client5.http.impl.classic.ProtocolExec.execute(ProtocolExec.java:172)
at org.apache.hc.client5.http.impl.classic.ExecChainElement.execute(ExecChainElement.java:51)
at org.apache.hc.client5.http.impl.classic.ExecChainElement$1.proceed(ExecChainElement.java:57)
at org.apache.hc.client5.http.impl.classic.HttpRequestRetryExec.execute(HttpRequestRetryExec.java:93)
at org.apache.hc.client5.http.impl.classic.ExecChainElement.execute(ExecChainElement.java:51)
at org.apache.hc.client5.http.impl.classic.ExecChainElement$1.proceed(ExecChainElement.java:57)
at org.apache.hc.client5.http.impl.classic.ContentCompressionExec.execute(ContentCompressionExec.java:128)
at org.apache.hc.client5.http.impl.classic.ExecChainElement.execute(ExecChainElement.java:51)
at org.apache.hc.client5.http.impl.classic.ExecChainElement$1.proceed(ExecChainElement.java:57)
at org.apache.hc.client5.http.impl.classic.RedirectExec.execute(RedirectExec.java:116)
at org.apache.hc.client5.http.impl.classic.ExecChainElement.execute(ExecChainElement.java:51)
at org.apache.hc.client5.http.impl.classic.InternalHttpClient.doExecute(InternalHttpClient.java:178)
at org.apache.hc.client5.http.impl.classic.CloseableHttpClient.execute(CloseableHttpClient.java:75)
at org.apache.hc.client5.http.impl.classic.CloseableHttpClient.execute(CloseableHttpClient.java:89)
at io.github.bonigarcia.wdm.online.HttpClient.execute(HttpClient.java:139)
at io.github.bonigarcia.wdm.WebDriverManager.getDriversFromXml(WebDriverManager.java:930)
... 26 more
... Removed 10 stack frames]]>
    </failure>
  </testcase> <!-- @BeforeClass init -->
  <testcase name="@BeforeMethod beforeMethod" time="-1.6217533265E9" classname="org.dolphin.ProgressBarTest">
    <skipped/>
  </testcase> <!-- @BeforeMethod beforeMethod -->
  <testcase name="@AfterClass tearDown" time="-1.621753326502E9" classname="org.dolphin.ProgressBarTest">
    <skipped/>
  </testcase> <!-- @AfterClass tearDown -->
  <testcase name="@BeforeClass init" time="0.223" classname="org.dolphin.TextBoxTest">
    <failure type="io.github.bonigarcia.wdm.config.WebDriverManagerException" message="io.github.bonigarcia.wdm.config.WebDriverManagerException: java.net.UnknownHostException: chromedriver.storage.googleapis.com">
      <![CDATA[io.github.bonigarcia.wdm.config.WebDriverManagerException: io.github.bonigarcia.wdm.config.WebDriverManagerException: java.net.UnknownHostException: chromedriver.storage.googleapis.com
at io.github.bonigarcia.wdm.WebDriverManager.handleException(WebDriverManager.java:802)
at io.github.bonigarcia.wdm.WebDriverManager.manage(WebDriverManager.java:593)
at io.github.bonigarcia.wdm.WebDriverManager.fallback(WebDriverManager.java:818)
at io.github.bonigarcia.wdm.WebDriverManager.handleException(WebDriverManager.java:799)
at io.github.bonigarcia.wdm.WebDriverManager.manage(WebDriverManager.java:593)
at io.github.bonigarcia.wdm.WebDriverManager.handleException(WebDriverManager.java:792)
at io.github.bonigarcia.wdm.WebDriverManager.manage(WebDriverManager.java:593)
at io.github.bonigarcia.wdm.WebDriverManager.setup(WebDriverManager.java:286)
at org.dolphin.Base.setDriver(Base.java:54)
at org.dolphin.Base.getDriver(Base.java:62)
at org.dolphin.TextBoxTest.init(TextBoxTest.java:22)
at java.util.concurrent.ThreadPoolExecutor.runWorker(ThreadPoolExecutor.java:1149)
at java.util.concurrent.ThreadPoolExecutor$Worker.run(ThreadPoolExecutor.java:624)
at java.lang.Thread.run(Thread.java:748)
Caused by: io.github.bonigarcia.wdm.config.WebDriverManagerException: java.net.UnknownHostException: chromedriver.storage.googleapis.com
at io.github.bonigarcia.wdm.WebDriverManager.getDriversFromXml(WebDriverManager.java:945)
at io.github.bonigarcia.wdm.managers.ChromeDriverManager.getDriverUrls(ChromeDriverManager.java:100)
at io.github.bonigarcia.wdm.WebDriverManager.createUrlHandler(WebDriverManager.java:823)
at io.github.bonigarcia.wdm.WebDriverManager.download(WebDriverManager.java:670)
at io.github.bonigarcia.wdm.WebDriverManager.manage(WebDriverManager.java:587)
... 22 more
Caused by: java.net.UnknownHostException: chromedriver.storage.googleapis.com
at java.net.InetAddress.getAllByName0(InetAddress.java:1281)
at java.net.InetAddress.getAllByName(InetAddress.java:1193)
at java.net.InetAddress.getAllByName(InetAddress.java:1127)
at org.apache.hc.client5.http.SystemDefaultDnsResolver.resolve(SystemDefaultDnsResolver.java:43)
at org.apache.hc.client5.http.impl.io.DefaultHttpClientConnectionOperator.connect(DefaultHttpClientConnectionOperator.java:118)
at org.apache.hc.client5.http.impl.io.PoolingHttpClientConnectionManager.connect(PoolingHttpClientConnectionManager.java:409)
at org.apache.hc.client5.http.impl.classic.InternalExecRuntime.connectEndpoint(InternalExecRuntime.java:164)
at org.apache.hc.client5.http.impl.classic.InternalExecRuntime.connectEndpoint(InternalExecRuntime.java:174)
at org.apache.hc.client5.http.impl.classic.ConnectExec.execute(ConnectExec.java:135)
at org.apache.hc.client5.http.impl.classic.ExecChainElement.execute(ExecChainElement.java:51)
at org.apache.hc.client5.http.impl.classic.ExecChainElement$1.proceed(ExecChainElement.java:57)
at org.apache.hc.client5.http.impl.classic.ProtocolExec.execute(ProtocolExec.java:172)
at org.apache.hc.client5.http.impl.classic.ExecChainElement.execute(ExecChainElement.java:51)
at org.apache.hc.client5.http.impl.classic.ExecChainElement$1.proceed(ExecChainElement.java:57)
at org.apache.hc.client5.http.impl.classic.HttpRequestRetryExec.execute(HttpRequestRetryExec.java:93)
at org.apache.hc.client5.http.impl.classic.ExecChainElement.execute(ExecChainElement.java:51)
at org.apache.hc.client5.http.impl.classic.ExecChainElement$1.proceed(ExecChainElement.java:57)
at org.apache.hc.client5.http.impl.classic.ContentCompressionExec.execute(ContentCompressionExec.java:128)
at org.apache.hc.client5.http.impl.classic.ExecChainElement.execute(ExecChainElement.java:51)
at org.apache.hc.client5.http.impl.classic.ExecChainElement$1.proceed(ExecChainElement.java:57)
at org.apache.hc.client5.http.impl.classic.RedirectExec.execute(RedirectExec.java:116)
at org.apache.hc.client5.http.impl.classic.ExecChainElement.execute(ExecChainElement.java:51)
at org.apache.hc.client5.http.impl.classic.InternalHttpClient.doExecute(InternalHttpClient.java:178)
at org.apache.hc.client5.http.impl.classic.CloseableHttpClient.execute(CloseableHttpClient.java:75)
at org.apache.hc.client5.http.impl.classic.CloseableHttpClient.execute(CloseableHttpClient.java:89)
at io.github.bonigarcia.wdm.online.HttpClient.execute(HttpClient.java:139)
at io.github.bonigarcia.wdm.WebDriverManager.getDriversFromXml(WebDriverManager.java:930)
... 26 more
... Removed 10 stack frames]]>
    </failure>
  </testcase> <!-- @BeforeClass init -->
  <testcase name="@BeforeMethod beforeMethod" time="-1.621753326591E9" classname="org.dolphin.TextBoxTest">
    <skipped/>
  </testcase> <!-- @BeforeMethod beforeMethod -->
  <testcase name="@BeforeMethod beforeMethod" time="-1.621753326592E9" classname="org.dolphin.TextBoxTest">
    <skipped/>
  </testcase> <!-- @BeforeMethod beforeMethod -->
  <testcase name="@BeforeMethod beforeMethod" time="-1.621753326593E9" classname="org.dolphin.TextBoxTest">
    <skipped/>
  </testcase> <!-- @BeforeMethod beforeMethod -->
  <testcase name="@AfterClass tearDown" time="-1.621753326594E9" classname="org.dolphin.TextBoxTest">
    <skipped/>
  </testcase> <!-- @AfterClass tearDown -->
  <testcase name="@BeforeClass init" time="0.156" classname="org.dolphin.uploadDownloadTest">
    <failure type="io.github.bonigarcia.wdm.config.WebDriverManagerException" message="io.github.bonigarcia.wdm.config.WebDriverManagerException: java.net.UnknownHostException: chromedriver.storage.googleapis.com">
      <![CDATA[io.github.bonigarcia.wdm.config.WebDriverManagerException: io.github.bonigarcia.wdm.config.WebDriverManagerException: java.net.UnknownHostException: chromedriver.storage.googleapis.com
at io.github.bonigarcia.wdm.WebDriverManager.handleException(WebDriverManager.java:802)
at io.github.bonigarcia.wdm.WebDriverManager.manage(WebDriverManager.java:593)
at io.github.bonigarcia.wdm.WebDriverManager.fallback(WebDriverManager.java:818)
at io.github.bonigarcia.wdm.WebDriverManager.handleException(WebDriverManager.java:799)
at io.github.bonigarcia.wdm.WebDriverManager.manage(WebDriverManager.java:593)
at io.github.bonigarcia.wdm.WebDriverManager.handleException(WebDriverManager.java:792)
at io.github.bonigarcia.wdm.WebDriverManager.manage(WebDriverManager.java:593)
at io.github.bonigarcia.wdm.WebDriverManager.setup(WebDriverManager.java:286)
at org.dolphin.Base.setDriver(Base.java:54)
at org.dolphin.Base.getDriver(Base.java:62)
at org.dolphin.uploadDownloadTest.init(uploadDownloadTest.java:23)
at java.util.concurrent.ThreadPoolExecutor.runWorker(ThreadPoolExecutor.java:1149)
at java.util.concurrent.ThreadPoolExecutor$Worker.run(ThreadPoolExecutor.java:624)
at java.lang.Thread.run(Thread.java:748)
Caused by: io.github.bonigarcia.wdm.config.WebDriverManagerException: java.net.UnknownHostException: chromedriver.storage.googleapis.com
at io.github.bonigarcia.wdm.WebDriverManager.getDriversFromXml(WebDriverManager.java:945)
at io.github.bonigarcia.wdm.managers.ChromeDriverManager.getDriverUrls(ChromeDriverManager.java:100)
at io.github.bonigarcia.wdm.WebDriverManager.createUrlHandler(WebDriverManager.java:823)
at io.github.bonigarcia.wdm.WebDriverManager.download(WebDriverManager.java:670)
at io.github.bonigarcia.wdm.WebDriverManager.manage(WebDriverManager.java:587)
... 22 more
Caused by: java.net.UnknownHostException: chromedriver.storage.googleapis.com
at java.net.InetAddress.getAllByName0(InetAddress.java:1281)
at java.net.InetAddress.getAllByName(InetAddress.java:1193)
at java.net.InetAddress.getAllByName(InetAddress.java:1127)
at org.apache.hc.client5.http.SystemDefaultDnsResolver.resolve(SystemDefaultDnsResolver.java:43)
at org.apache.hc.client5.http.impl.io.DefaultHttpClientConnectionOperator.connect(DefaultHttpClientConnectionOperator.java:118)
at org.apache.hc.client5.http.impl.io.PoolingHttpClientConnectionManager.connect(PoolingHttpClientConnectionManager.java:409)
at org.apache.hc.client5.http.impl.classic.InternalExecRuntime.connectEndpoint(InternalExecRuntime.java:164)
at org.apache.hc.client5.http.impl.classic.InternalExecRuntime.connectEndpoint(InternalExecRuntime.java:174)
at org.apache.hc.client5.http.impl.classic.ConnectExec.execute(ConnectExec.java:135)
at org.apache.hc.client5.http.impl.classic.ExecChainElement.execute(ExecChainElement.java:51)
at org.apache.hc.client5.http.impl.classic.ExecChainElement$1.proceed(ExecChainElement.java:57)
at org.apache.hc.client5.http.impl.classic.ProtocolExec.execute(ProtocolExec.java:172)
at org.apache.hc.client5.http.impl.classic.ExecChainElement.execute(ExecChainElement.java:51)
at org.apache.hc.client5.http.impl.classic.ExecChainElement$1.proceed(ExecChainElement.java:57)
at org.apache.hc.client5.http.impl.classic.HttpRequestRetryExec.execute(HttpRequestRetryExec.java:93)
at org.apache.hc.client5.http.impl.classic.ExecChainElement.execute(ExecChainElement.java:51)
at org.apache.hc.client5.http.impl.classic.ExecChainElement$1.proceed(ExecChainElement.java:57)
at org.apache.hc.client5.http.impl.classic.ContentCompressionExec.execute(ContentCompressionExec.java:128)
at org.apache.hc.client5.http.impl.classic.ExecChainElement.execute(ExecChainElement.java:51)
at org.apache.hc.client5.http.impl.classic.ExecChainElement$1.proceed(ExecChainElement.java:57)
at org.apache.hc.client5.http.impl.classic.RedirectExec.execute(RedirectExec.java:116)
at org.apache.hc.client5.http.impl.classic.ExecChainElement.execute(ExecChainElement.java:51)
at org.apache.hc.client5.http.impl.classic.InternalHttpClient.doExecute(InternalHttpClient.java:178)
at org.apache.hc.client5.http.impl.classic.CloseableHttpClient.execute(CloseableHttpClient.java:75)
at org.apache.hc.client5.http.impl.classic.CloseableHttpClient.execute(CloseableHttpClient.java:89)
at io.github.bonigarcia.wdm.online.HttpClient.execute(HttpClient.java:139)
at io.github.bonigarcia.wdm.WebDriverManager.getDriversFromXml(WebDriverManager.java:930)
... 26 more
... Removed 10 stack frames]]>
    </failure>
  </testcase> <!-- @BeforeClass init -->
  <testcase name="@BeforeMethod beforeMethod" time="-1.621753326658E9" classname="org.dolphin.uploadDownloadTest">
    <skipped/>
  </testcase> <!-- @BeforeMethod beforeMethod -->
  <testcase name="@AfterClass tearDown" time="-1.62175332666E9" classname="org.dolphin.uploadDownloadTest">
    <skipped/>
  </testcase> <!-- @AfterClass tearDown -->
  <testcase name="@BeforeClass init" time="0.288" classname="org.dolphin.TabTest">
    <failure type="io.github.bonigarcia.wdm.config.WebDriverManagerException" message="io.github.bonigarcia.wdm.config.WebDriverManagerException: java.net.UnknownHostException: chromedriver.storage.googleapis.com">
      <![CDATA[io.github.bonigarcia.wdm.config.WebDriverManagerException: io.github.bonigarcia.wdm.config.WebDriverManagerException: java.net.UnknownHostException: chromedriver.storage.googleapis.com
at io.github.bonigarcia.wdm.WebDriverManager.handleException(WebDriverManager.java:802)
at io.github.bonigarcia.wdm.WebDriverManager.manage(WebDriverManager.java:593)
at io.github.bonigarcia.wdm.WebDriverManager.fallback(WebDriverManager.java:818)
at io.github.bonigarcia.wdm.WebDriverManager.handleException(WebDriverManager.java:799)
at io.github.bonigarcia.wdm.WebDriverManager.manage(WebDriverManager.java:593)
at io.github.bonigarcia.wdm.WebDriverManager.handleException(WebDriverManager.java:792)
at io.github.bonigarcia.wdm.WebDriverManager.manage(WebDriverManager.java:593)
at io.github.bonigarcia.wdm.WebDriverManager.setup(WebDriverManager.java:286)
at org.dolphin.Base.setDriver(Base.java:54)
at org.dolphin.Base.getDriver(Base.java:62)
at org.dolphin.TabTest.init(TabTest.java:23)
at java.util.concurrent.ThreadPoolExecutor.runWorker(ThreadPoolExecutor.java:1149)
at java.util.concurrent.ThreadPoolExecutor$Worker.run(ThreadPoolExecutor.java:624)
at java.lang.Thread.run(Thread.java:748)
Caused by: io.github.bonigarcia.wdm.config.WebDriverManagerException: java.net.UnknownHostException: chromedriver.storage.googleapis.com
at io.github.bonigarcia.wdm.WebDriverManager.getDriversFromXml(WebDriverManager.java:945)
at io.github.bonigarcia.wdm.managers.ChromeDriverManager.getDriverUrls(ChromeDriverManager.java:100)
at io.github.bonigarcia.wdm.WebDriverManager.createUrlHandler(WebDriverManager.java:823)
at io.github.bonigarcia.wdm.WebDriverManager.download(WebDriverManager.java:670)
at io.github.bonigarcia.wdm.WebDriverManager.manage(WebDriverManager.java:587)
... 22 more
Caused by: java.net.UnknownHostException: chromedriver.storage.googleapis.com
at java.net.InetAddress.getAllByName0(InetAddress.java:1281)
at java.net.InetAddress.getAllByName(InetAddress.java:1193)
at java.net.InetAddress.getAllByName(InetAddress.java:1127)
at org.apache.hc.client5.http.SystemDefaultDnsResolver.resolve(SystemDefaultDnsResolver.java:43)
at org.apache.hc.client5.http.impl.io.DefaultHttpClientConnectionOperator.connect(DefaultHttpClientConnectionOperator.java:118)
at org.apache.hc.client5.http.impl.io.PoolingHttpClientConnectionManager.connect(PoolingHttpClientConnectionManager.java:409)
at org.apache.hc.client5.http.impl.classic.InternalExecRuntime.connectEndpoint(InternalExecRuntime.java:164)
at org.apache.hc.client5.http.impl.classic.InternalExecRuntime.connectEndpoint(InternalExecRuntime.java:174)
at org.apache.hc.client5.http.impl.classic.ConnectExec.execute(ConnectExec.java:135)
at org.apache.hc.client5.http.impl.classic.ExecChainElement.execute(ExecChainElement.java:51)
at org.apache.hc.client5.http.impl.classic.ExecChainElement$1.proceed(ExecChainElement.java:57)
at org.apache.hc.client5.http.impl.classic.ProtocolExec.execute(ProtocolExec.java:172)
at org.apache.hc.client5.http.impl.classic.ExecChainElement.execute(ExecChainElement.java:51)
at org.apache.hc.client5.http.impl.classic.ExecChainElement$1.proceed(ExecChainElement.java:57)
at org.apache.hc.client5.http.impl.classic.HttpRequestRetryExec.execute(HttpRequestRetryExec.java:93)
at org.apache.hc.client5.http.impl.classic.ExecChainElement.execute(ExecChainElement.java:51)
at org.apache.hc.client5.http.impl.classic.ExecChainElement$1.proceed(ExecChainElement.java:57)
at org.apache.hc.client5.http.impl.classic.ContentCompressionExec.execute(ContentCompressionExec.java:128)
at org.apache.hc.client5.http.impl.classic.ExecChainElement.execute(ExecChainElement.java:51)
at org.apache.hc.client5.http.impl.classic.ExecChainElement$1.proceed(ExecChainElement.java:57)
at org.apache.hc.client5.http.impl.classic.RedirectExec.execute(RedirectExec.java:116)
at org.apache.hc.client5.http.impl.classic.ExecChainElement.execute(ExecChainElement.java:51)
at org.apache.hc.client5.http.impl.classic.InternalHttpClient.doExecute(InternalHttpClient.java:178)
at org.apache.hc.client5.http.impl.classic.CloseableHttpClient.execute(CloseableHttpClient.java:75)
at org.apache.hc.client5.http.impl.classic.CloseableHttpClient.execute(CloseableHttpClient.java:89)
at io.github.bonigarcia.wdm.online.HttpClient.execute(HttpClient.java:139)
at io.github.bonigarcia.wdm.WebDriverManager.getDriversFromXml(WebDriverManager.java:930)
... 26 more
... Removed 10 stack frames]]>
    </failure>
  </testcase> <!-- @BeforeClass init -->
  <testcase name="@BeforeMethod beforeMethod" time="-1.621753326728E9" classname="org.dolphin.TabTest">
    <skipped/>
  </testcase> <!-- @BeforeMethod beforeMethod -->
  <testcase name="@AfterClass afterClass" time="-1.621753326729E9" classname="org.dolphin.TabTest">
    <skipped/>
  </testcase> <!-- @AfterClass afterClass -->
  <testcase name="@BeforeClass init" time="0.125" classname="org.dolphin.CheckBoxTets">
    <failure type="io.github.bonigarcia.wdm.config.WebDriverManagerException" message="io.github.bonigarcia.wdm.config.WebDriverManagerException: java.net.UnknownHostException: chromedriver.storage.googleapis.com">
      <![CDATA[io.github.bonigarcia.wdm.config.WebDriverManagerException: io.github.bonigarcia.wdm.config.WebDriverManagerException: java.net.UnknownHostException: chromedriver.storage.googleapis.com
at io.github.bonigarcia.wdm.WebDriverManager.handleException(WebDriverManager.java:802)
at io.github.bonigarcia.wdm.WebDriverManager.manage(WebDriverManager.java:593)
at io.github.bonigarcia.wdm.WebDriverManager.fallback(WebDriverManager.java:818)
at io.github.bonigarcia.wdm.WebDriverManager.handleException(WebDriverManager.java:799)
at io.github.bonigarcia.wdm.WebDriverManager.manage(WebDriverManager.java:593)
at io.github.bonigarcia.wdm.WebDriverManager.handleException(WebDriverManager.java:792)
at io.github.bonigarcia.wdm.WebDriverManager.manage(WebDriverManager.java:593)
at io.github.bonigarcia.wdm.WebDriverManager.setup(WebDriverManager.java:286)
at org.dolphin.Base.setDriver(Base.java:54)
at org.dolphin.Base.getDriver(Base.java:62)
at org.dolphin.CheckBoxTets.init(CheckBoxTets.java:24)
at java.util.concurrent.ThreadPoolExecutor.runWorker(ThreadPoolExecutor.java:1149)
at java.util.concurrent.ThreadPoolExecutor$Worker.run(ThreadPoolExecutor.java:624)
at java.lang.Thread.run(Thread.java:748)
Caused by: io.github.bonigarcia.wdm.config.WebDriverManagerException: java.net.UnknownHostException: chromedriver.storage.googleapis.com
at io.github.bonigarcia.wdm.WebDriverManager.getDriversFromXml(WebDriverManager.java:945)
at io.github.bonigarcia.wdm.managers.ChromeDriverManager.getDriverUrls(ChromeDriverManager.java:100)
at io.github.bonigarcia.wdm.WebDriverManager.createUrlHandler(WebDriverManager.java:823)
at io.github.bonigarcia.wdm.WebDriverManager.download(WebDriverManager.java:670)
at io.github.bonigarcia.wdm.WebDriverManager.manage(WebDriverManager.java:587)
... 22 more
Caused by: java.net.UnknownHostException: chromedriver.storage.googleapis.com
at java.net.InetAddress.getAllByName0(InetAddress.java:1281)
at java.net.InetAddress.getAllByName(InetAddress.java:1193)
at java.net.InetAddress.getAllByName(InetAddress.java:1127)
at org.apache.hc.client5.http.SystemDefaultDnsResolver.resolve(SystemDefaultDnsResolver.java:43)
at org.apache.hc.client5.http.impl.io.DefaultHttpClientConnectionOperator.connect(DefaultHttpClientConnectionOperator.java:118)
at org.apache.hc.client5.http.impl.io.PoolingHttpClientConnectionManager.connect(PoolingHttpClientConnectionManager.java:409)
at org.apache.hc.client5.http.impl.classic.InternalExecRuntime.connectEndpoint(InternalExecRuntime.java:164)
at org.apache.hc.client5.http.impl.classic.InternalExecRuntime.connectEndpoint(InternalExecRuntime.java:174)
at org.apache.hc.client5.http.impl.classic.ConnectExec.execute(ConnectExec.java:135)
at org.apache.hc.client5.http.impl.classic.ExecChainElement.execute(ExecChainElement.java:51)
at org.apache.hc.client5.http.impl.classic.ExecChainElement$1.proceed(ExecChainElement.java:57)
at org.apache.hc.client5.http.impl.classic.ProtocolExec.execute(ProtocolExec.java:172)
at org.apache.hc.client5.http.impl.classic.ExecChainElement.execute(ExecChainElement.java:51)
at org.apache.hc.client5.http.impl.classic.ExecChainElement$1.proceed(ExecChainElement.java:57)
at org.apache.hc.client5.http.impl.classic.HttpRequestRetryExec.execute(HttpRequestRetryExec.java:93)
at org.apache.hc.client5.http.impl.classic.ExecChainElement.execute(ExecChainElement.java:51)
at org.apache.hc.client5.http.impl.classic.ExecChainElement$1.proceed(ExecChainElement.java:57)
at org.apache.hc.client5.http.impl.classic.ContentCompressionExec.execute(ContentCompressionExec.java:128)
at org.apache.hc.client5.http.impl.classic.ExecChainElement.execute(ExecChainElement.java:51)
at org.apache.hc.client5.http.impl.classic.ExecChainElement$1.proceed(ExecChainElement.java:57)
at org.apache.hc.client5.http.impl.classic.RedirectExec.execute(RedirectExec.java:116)
at org.apache.hc.client5.http.impl.classic.ExecChainElement.execute(ExecChainElement.java:51)
at org.apache.hc.client5.http.impl.classic.InternalHttpClient.doExecute(InternalHttpClient.java:178)
at org.apache.hc.client5.http.impl.classic.CloseableHttpClient.execute(CloseableHttpClient.java:75)
at org.apache.hc.client5.http.impl.classic.CloseableHttpClient.execute(CloseableHttpClient.java:89)
at io.github.bonigarcia.wdm.online.HttpClient.execute(HttpClient.java:139)
at io.github.bonigarcia.wdm.WebDriverManager.getDriversFromXml(WebDriverManager.java:930)
... 26 more
... Removed 10 stack frames]]>
    </failure>
  </testcase> <!-- @BeforeClass init -->
  <testcase name="@BeforeMethod beforeMethod" time="-1.621753326785E9" classname="org.dolphin.CheckBoxTets">
    <skipped/>
  </testcase> <!-- @BeforeMethod beforeMethod -->
  <testcase name="@AfterClass tearDown" time="-1.621753326786E9" classname="org.dolphin.CheckBoxTets">
    <skipped/>
  </testcase> <!-- @AfterClass tearDown -->
  <testcase name="@BeforeClass init" time="0.249" classname="org.dolphin.AccordianTest">
    <failure type="io.github.bonigarcia.wdm.config.WebDriverManagerException" message="io.github.bonigarcia.wdm.config.WebDriverManagerException: java.net.UnknownHostException: chromedriver.storage.googleapis.com">
      <![CDATA[io.github.bonigarcia.wdm.config.WebDriverManagerException: io.github.bonigarcia.wdm.config.WebDriverManagerException: java.net.UnknownHostException: chromedriver.storage.googleapis.com
at io.github.bonigarcia.wdm.WebDriverManager.handleException(WebDriverManager.java:802)
at io.github.bonigarcia.wdm.WebDriverManager.manage(WebDriverManager.java:593)
at io.github.bonigarcia.wdm.WebDriverManager.fallback(WebDriverManager.java:818)
at io.github.bonigarcia.wdm.WebDriverManager.handleException(WebDriverManager.java:799)
at io.github.bonigarcia.wdm.WebDriverManager.manage(WebDriverManager.java:593)
at io.github.bonigarcia.wdm.WebDriverManager.handleException(WebDriverManager.java:792)
at io.github.bonigarcia.wdm.WebDriverManager.manage(WebDriverManager.java:593)
at io.github.bonigarcia.wdm.WebDriverManager.setup(WebDriverManager.java:286)
at org.dolphin.Base.setDriver(Base.java:54)
at org.dolphin.Base.getDriver(Base.java:62)
at org.dolphin.AccordianTest.init(AccordianTest.java:24)
at java.util.concurrent.ThreadPoolExecutor.runWorker(ThreadPoolExecutor.java:1149)
at java.util.concurrent.ThreadPoolExecutor$Worker.run(ThreadPoolExecutor.java:624)
at java.lang.Thread.run(Thread.java:748)
Caused by: io.github.bonigarcia.wdm.config.WebDriverManagerException: java.net.UnknownHostException: chromedriver.storage.googleapis.com
at io.github.bonigarcia.wdm.WebDriverManager.getDriversFromXml(WebDriverManager.java:945)
at io.github.bonigarcia.wdm.managers.ChromeDriverManager.getDriverUrls(ChromeDriverManager.java:100)
at io.github.bonigarcia.wdm.WebDriverManager.createUrlHandler(WebDriverManager.java:823)
at io.github.bonigarcia.wdm.WebDriverManager.download(WebDriverManager.java:670)
at io.github.bonigarcia.wdm.WebDriverManager.manage(WebDriverManager.java:587)
... 22 more
Caused by: java.net.UnknownHostException: chromedriver.storage.googleapis.com
at java.net.InetAddress.getAllByName0(InetAddress.java:1281)
at java.net.InetAddress.getAllByName(InetAddress.java:1193)
at java.net.InetAddress.getAllByName(InetAddress.java:1127)
at org.apache.hc.client5.http.SystemDefaultDnsResolver.resolve(SystemDefaultDnsResolver.java:43)
at org.apache.hc.client5.http.impl.io.DefaultHttpClientConnectionOperator.connect(DefaultHttpClientConnectionOperator.java:118)
at org.apache.hc.client5.http.impl.io.PoolingHttpClientConnectionManager.connect(PoolingHttpClientConnectionManager.java:409)
at org.apache.hc.client5.http.impl.classic.InternalExecRuntime.connectEndpoint(InternalExecRuntime.java:164)
at org.apache.hc.client5.http.impl.classic.InternalExecRuntime.connectEndpoint(InternalExecRuntime.java:174)
at org.apache.hc.client5.http.impl.classic.ConnectExec.execute(ConnectExec.java:135)
at org.apache.hc.client5.http.impl.classic.ExecChainElement.execute(ExecChainElement.java:51)
at org.apache.hc.client5.http.impl.classic.ExecChainElement$1.proceed(ExecChainElement.java:57)
at org.apache.hc.client5.http.impl.classic.ProtocolExec.execute(ProtocolExec.java:172)
at org.apache.hc.client5.http.impl.classic.ExecChainElement.execute(ExecChainElement.java:51)
at org.apache.hc.client5.http.impl.classic.ExecChainElement$1.proceed(ExecChainElement.java:57)
at org.apache.hc.client5.http.impl.classic.HttpRequestRetryExec.execute(HttpRequestRetryExec.java:93)
at org.apache.hc.client5.http.impl.classic.ExecChainElement.execute(ExecChainElement.java:51)
at org.apache.hc.client5.http.impl.classic.ExecChainElement$1.proceed(ExecChainElement.java:57)
at org.apache.hc.client5.http.impl.classic.ContentCompressionExec.execute(ContentCompressionExec.java:128)
at org.apache.hc.client5.http.impl.classic.ExecChainElement.execute(ExecChainElement.java:51)
at org.apache.hc.client5.http.impl.classic.ExecChainElement$1.proceed(ExecChainElement.java:57)
at org.apache.hc.client5.http.impl.classic.RedirectExec.execute(RedirectExec.java:116)
at org.apache.hc.client5.http.impl.classic.ExecChainElement.execute(ExecChainElement.java:51)
at org.apache.hc.client5.http.impl.classic.InternalHttpClient.doExecute(InternalHttpClient.java:178)
at org.apache.hc.client5.http.impl.classic.CloseableHttpClient.execute(CloseableHttpClient.java:75)
at org.apache.hc.client5.http.impl.classic.CloseableHttpClient.execute(CloseableHttpClient.java:89)
at io.github.bonigarcia.wdm.online.HttpClient.execute(HttpClient.java:139)
at io.github.bonigarcia.wdm.WebDriverManager.getDriversFromXml(WebDriverManager.java:930)
... 26 more
... Removed 10 stack frames]]>
    </failure>
  </testcase> <!-- @BeforeClass init -->
  <testcase name="@BeforeMethod beforeMethod" time="-1.621753326844E9" classname="org.dolphin.AccordianTest">
    <skipped/>
  </testcase> <!-- @BeforeMethod beforeMethod -->
  <testcase name="@AfterClass tearDown" time="-1.621753326845E9" classname="org.dolphin.AccordianTest">
    <skipped/>
  </testcase> <!-- @AfterClass tearDown -->
  <testcase name="@BeforeClass init" time="0.112" classname="org.dolphin.LinkTest">
    <failure type="io.github.bonigarcia.wdm.config.WebDriverManagerException" message="io.github.bonigarcia.wdm.config.WebDriverManagerException: java.net.UnknownHostException: chromedriver.storage.googleapis.com">
      <![CDATA[io.github.bonigarcia.wdm.config.WebDriverManagerException: io.github.bonigarcia.wdm.config.WebDriverManagerException: java.net.UnknownHostException: chromedriver.storage.googleapis.com
at io.github.bonigarcia.wdm.WebDriverManager.handleException(WebDriverManager.java:802)
at io.github.bonigarcia.wdm.WebDriverManager.manage(WebDriverManager.java:593)
at io.github.bonigarcia.wdm.WebDriverManager.fallback(WebDriverManager.java:818)
at io.github.bonigarcia.wdm.WebDriverManager.handleException(WebDriverManager.java:799)
at io.github.bonigarcia.wdm.WebDriverManager.manage(WebDriverManager.java:593)
at io.github.bonigarcia.wdm.WebDriverManager.handleException(WebDriverManager.java:792)
at io.github.bonigarcia.wdm.WebDriverManager.manage(WebDriverManager.java:593)
at io.github.bonigarcia.wdm.WebDriverManager.setup(WebDriverManager.java:286)
at org.dolphin.Base.setDriver(Base.java:54)
at org.dolphin.Base.getDriver(Base.java:62)
at org.dolphin.LinkTest.init(LinkTest.java:24)
at java.util.concurrent.ThreadPoolExecutor.runWorker(ThreadPoolExecutor.java:1149)
at java.util.concurrent.ThreadPoolExecutor$Worker.run(ThreadPoolExecutor.java:624)
at java.lang.Thread.run(Thread.java:748)
Caused by: io.github.bonigarcia.wdm.config.WebDriverManagerException: java.net.UnknownHostException: chromedriver.storage.googleapis.com
at io.github.bonigarcia.wdm.WebDriverManager.getDriversFromXml(WebDriverManager.java:945)
at io.github.bonigarcia.wdm.managers.ChromeDriverManager.getDriverUrls(ChromeDriverManager.java:100)
at io.github.bonigarcia.wdm.WebDriverManager.createUrlHandler(WebDriverManager.java:823)
at io.github.bonigarcia.wdm.WebDriverManager.download(WebDriverManager.java:670)
at io.github.bonigarcia.wdm.WebDriverManager.manage(WebDriverManager.java:587)
... 22 more
Caused by: java.net.UnknownHostException: chromedriver.storage.googleapis.com
at java.net.InetAddress.getAllByName0(InetAddress.java:1281)
at java.net.InetAddress.getAllByName(InetAddress.java:1193)
at java.net.InetAddress.getAllByName(InetAddress.java:1127)
at org.apache.hc.client5.http.SystemDefaultDnsResolver.resolve(SystemDefaultDnsResolver.java:43)
at org.apache.hc.client5.http.impl.io.DefaultHttpClientConnectionOperator.connect(DefaultHttpClientConnectionOperator.java:118)
at org.apache.hc.client5.http.impl.io.PoolingHttpClientConnectionManager.connect(PoolingHttpClientConnectionManager.java:409)
at org.apache.hc.client5.http.impl.classic.InternalExecRuntime.connectEndpoint(InternalExecRuntime.java:164)
at org.apache.hc.client5.http.impl.classic.InternalExecRuntime.connectEndpoint(InternalExecRuntime.java:174)
at org.apache.hc.client5.http.impl.classic.ConnectExec.execute(ConnectExec.java:135)
at org.apache.hc.client5.http.impl.classic.ExecChainElement.execute(ExecChainElement.java:51)
at org.apache.hc.client5.http.impl.classic.ExecChainElement$1.proceed(ExecChainElement.java:57)
at org.apache.hc.client5.http.impl.classic.ProtocolExec.execute(ProtocolExec.java:172)
at org.apache.hc.client5.http.impl.classic.ExecChainElement.execute(ExecChainElement.java:51)
at org.apache.hc.client5.http.impl.classic.ExecChainElement$1.proceed(ExecChainElement.java:57)
at org.apache.hc.client5.http.impl.classic.HttpRequestRetryExec.execute(HttpRequestRetryExec.java:93)
at org.apache.hc.client5.http.impl.classic.ExecChainElement.execute(ExecChainElement.java:51)
at org.apache.hc.client5.http.impl.classic.ExecChainElement$1.proceed(ExecChainElement.java:57)
at org.apache.hc.client5.http.impl.classic.ContentCompressionExec.execute(ContentCompressionExec.java:128)
at org.apache.hc.client5.http.impl.classic.ExecChainElement.execute(ExecChainElement.java:51)
at org.apache.hc.client5.http.impl.classic.ExecChainElement$1.proceed(ExecChainElement.java:57)
at org.apache.hc.client5.http.impl.classic.RedirectExec.execute(RedirectExec.java:116)
at org.apache.hc.client5.http.impl.classic.ExecChainElement.execute(ExecChainElement.java:51)
at org.apache.hc.client5.http.impl.classic.InternalHttpClient.doExecute(InternalHttpClient.java:178)
at org.apache.hc.client5.http.impl.classic.CloseableHttpClient.execute(CloseableHttpClient.java:75)
at org.apache.hc.client5.http.impl.classic.CloseableHttpClient.execute(CloseableHttpClient.java:89)
at io.github.bonigarcia.wdm.online.HttpClient.execute(HttpClient.java:139)
at io.github.bonigarcia.wdm.WebDriverManager.getDriversFromXml(WebDriverManager.java:930)
... 26 more
... Removed 10 stack frames]]>
    </failure>
  </testcase> <!-- @BeforeClass init -->
  <testcase name="@BeforeMethod beforeMethod" time="-1.6217533269E9" classname="org.dolphin.LinkTest">
    <skipped/>
  </testcase> <!-- @BeforeMethod beforeMethod -->
  <testcase name="@AfterClass tearDown" time="-1.621753326901E9" classname="org.dolphin.LinkTest">
    <skipped/>
  </testcase> <!-- @AfterClass tearDown -->
  <testcase name="@BeforeClass init" time="0.226" classname="org.dolphin.FramesTest">
    <failure type="io.github.bonigarcia.wdm.config.WebDriverManagerException" message="io.github.bonigarcia.wdm.config.WebDriverManagerException: java.net.UnknownHostException: chromedriver.storage.googleapis.com">
      <![CDATA[io.github.bonigarcia.wdm.config.WebDriverManagerException: io.github.bonigarcia.wdm.config.WebDriverManagerException: java.net.UnknownHostException: chromedriver.storage.googleapis.com
at io.github.bonigarcia.wdm.WebDriverManager.handleException(WebDriverManager.java:802)
at io.github.bonigarcia.wdm.WebDriverManager.manage(WebDriverManager.java:593)
at io.github.bonigarcia.wdm.WebDriverManager.fallback(WebDriverManager.java:818)
at io.github.bonigarcia.wdm.WebDriverManager.handleException(WebDriverManager.java:799)
at io.github.bonigarcia.wdm.WebDriverManager.manage(WebDriverManager.java:593)
at io.github.bonigarcia.wdm.WebDriverManager.handleException(WebDriverManager.java:792)
at io.github.bonigarcia.wdm.WebDriverManager.manage(WebDriverManager.java:593)
at io.github.bonigarcia.wdm.WebDriverManager.setup(WebDriverManager.java:286)
at org.dolphin.Base.setDriver(Base.java:54)
at org.dolphin.Base.getDriver(Base.java:62)
at org.dolphin.FramesTest.init(FramesTest.java:24)
at java.util.concurrent.ThreadPoolExecutor.runWorker(ThreadPoolExecutor.java:1149)
at java.util.concurrent.ThreadPoolExecutor$Worker.run(ThreadPoolExecutor.java:624)
at java.lang.Thread.run(Thread.java:748)
Caused by: io.github.bonigarcia.wdm.config.WebDriverManagerException: java.net.UnknownHostException: chromedriver.storage.googleapis.com
at io.github.bonigarcia.wdm.WebDriverManager.getDriversFromXml(WebDriverManager.java:945)
at io.github.bonigarcia.wdm.managers.ChromeDriverManager.getDriverUrls(ChromeDriverManager.java:100)
at io.github.bonigarcia.wdm.WebDriverManager.createUrlHandler(WebDriverManager.java:823)
at io.github.bonigarcia.wdm.WebDriverManager.download(WebDriverManager.java:670)
at io.github.bonigarcia.wdm.WebDriverManager.manage(WebDriverManager.java:587)
... 22 more
Caused by: java.net.UnknownHostException: chromedriver.storage.googleapis.com
at java.net.InetAddress.getAllByName0(InetAddress.java:1281)
at java.net.InetAddress.getAllByName(InetAddress.java:1193)
at java.net.InetAddress.getAllByName(InetAddress.java:1127)
at org.apache.hc.client5.http.SystemDefaultDnsResolver.resolve(SystemDefaultDnsResolver.java:43)
at org.apache.hc.client5.http.impl.io.DefaultHttpClientConnectionOperator.connect(DefaultHttpClientConnectionOperator.java:118)
at org.apache.hc.client5.http.impl.io.PoolingHttpClientConnectionManager.connect(PoolingHttpClientConnectionManager.java:409)
at org.apache.hc.client5.http.impl.classic.InternalExecRuntime.connectEndpoint(InternalExecRuntime.java:164)
at org.apache.hc.client5.http.impl.classic.InternalExecRuntime.connectEndpoint(InternalExecRuntime.java:174)
at org.apache.hc.client5.http.impl.classic.ConnectExec.execute(ConnectExec.java:135)
at org.apache.hc.client5.http.impl.classic.ExecChainElement.execute(ExecChainElement.java:51)
at org.apache.hc.client5.http.impl.classic.ExecChainElement$1.proceed(ExecChainElement.java:57)
at org.apache.hc.client5.http.impl.classic.ProtocolExec.execute(ProtocolExec.java:172)
at org.apache.hc.client5.http.impl.classic.ExecChainElement.execute(ExecChainElement.java:51)
at org.apache.hc.client5.http.impl.classic.ExecChainElement$1.proceed(ExecChainElement.java:57)
at org.apache.hc.client5.http.impl.classic.HttpRequestRetryExec.execute(HttpRequestRetryExec.java:93)
at org.apache.hc.client5.http.impl.classic.ExecChainElement.execute(ExecChainElement.java:51)
at org.apache.hc.client5.http.impl.classic.ExecChainElement$1.proceed(ExecChainElement.java:57)
at org.apache.hc.client5.http.impl.classic.ContentCompressionExec.execute(ContentCompressionExec.java:128)
at org.apache.hc.client5.http.impl.classic.ExecChainElement.execute(ExecChainElement.java:51)
at org.apache.hc.client5.http.impl.classic.ExecChainElement$1.proceed(ExecChainElement.java:57)
at org.apache.hc.client5.http.impl.classic.RedirectExec.execute(RedirectExec.java:116)
at org.apache.hc.client5.http.impl.classic.ExecChainElement.execute(ExecChainElement.java:51)
at org.apache.hc.client5.http.impl.classic.InternalHttpClient.doExecute(InternalHttpClient.java:178)
at org.apache.hc.client5.http.impl.classic.CloseableHttpClient.execute(CloseableHttpClient.java:75)
at org.apache.hc.client5.http.impl.classic.CloseableHttpClient.execute(CloseableHttpClient.java:89)
at io.github.bonigarcia.wdm.online.HttpClient.execute(HttpClient.java:139)
at io.github.bonigarcia.wdm.WebDriverManager.getDriversFromXml(WebDriverManager.java:930)
... 26 more
... Removed 10 stack frames]]>
    </failure>
  </testcase> <!-- @BeforeClass init -->
  <testcase name="@BeforeMethod beforeMethod" time="-1.621753326957E9" classname="org.dolphin.FramesTest">
    <skipped/>
  </testcase> <!-- @BeforeMethod beforeMethod -->
  <testcase name="@AfterClass tearDown" time="-1.621753326958E9" classname="org.dolphin.FramesTest">
    <skipped/>
  </testcase> <!-- @AfterClass tearDown -->
  <testcase name="@BeforeClass initilization" time="0.105" classname="org.dolphin.MenuTest">
    <failure type="io.github.bonigarcia.wdm.config.WebDriverManagerException" message="io.github.bonigarcia.wdm.config.WebDriverManagerException: java.net.UnknownHostException: chromedriver.storage.googleapis.com">
      <![CDATA[io.github.bonigarcia.wdm.config.WebDriverManagerException: io.github.bonigarcia.wdm.config.WebDriverManagerException: java.net.UnknownHostException: chromedriver.storage.googleapis.com
at io.github.bonigarcia.wdm.WebDriverManager.handleException(WebDriverManager.java:802)
at io.github.bonigarcia.wdm.WebDriverManager.manage(WebDriverManager.java:593)
at io.github.bonigarcia.wdm.WebDriverManager.fallback(WebDriverManager.java:818)
at io.github.bonigarcia.wdm.WebDriverManager.handleException(WebDriverManager.java:799)
at io.github.bonigarcia.wdm.WebDriverManager.manage(WebDriverManager.java:593)
at io.github.bonigarcia.wdm.WebDriverManager.handleException(WebDriverManager.java:792)
at io.github.bonigarcia.wdm.WebDriverManager.manage(WebDriverManager.java:593)
at io.github.bonigarcia.wdm.WebDriverManager.setup(WebDriverManager.java:286)
at org.dolphin.Base.setDriver(Base.java:54)
at org.dolphin.Base.getDriver(Base.java:62)
at org.dolphin.MenuTest.initilization(MenuTest.java:24)
at java.util.concurrent.ThreadPoolExecutor.runWorker(ThreadPoolExecutor.java:1149)
at java.util.concurrent.ThreadPoolExecutor$Worker.run(ThreadPoolExecutor.java:624)
at java.lang.Thread.run(Thread.java:748)
Caused by: io.github.bonigarcia.wdm.config.WebDriverManagerException: java.net.UnknownHostException: chromedriver.storage.googleapis.com
at io.github.bonigarcia.wdm.WebDriverManager.getDriversFromXml(WebDriverManager.java:945)
at io.github.bonigarcia.wdm.managers.ChromeDriverManager.getDriverUrls(ChromeDriverManager.java:100)
at io.github.bonigarcia.wdm.WebDriverManager.createUrlHandler(WebDriverManager.java:823)
at io.github.bonigarcia.wdm.WebDriverManager.download(WebDriverManager.java:670)
at io.github.bonigarcia.wdm.WebDriverManager.manage(WebDriverManager.java:587)
... 22 more
Caused by: java.net.UnknownHostException: chromedriver.storage.googleapis.com
at java.net.InetAddress.getAllByName0(InetAddress.java:1281)
at java.net.InetAddress.getAllByName(InetAddress.java:1193)
at java.net.InetAddress.getAllByName(InetAddress.java:1127)
at org.apache.hc.client5.http.SystemDefaultDnsResolver.resolve(SystemDefaultDnsResolver.java:43)
at org.apache.hc.client5.http.impl.io.DefaultHttpClientConnectionOperator.connect(DefaultHttpClientConnectionOperator.java:118)
at org.apache.hc.client5.http.impl.io.PoolingHttpClientConnectionManager.connect(PoolingHttpClientConnectionManager.java:409)
at org.apache.hc.client5.http.impl.classic.InternalExecRuntime.connectEndpoint(InternalExecRuntime.java:164)
at org.apache.hc.client5.http.impl.classic.InternalExecRuntime.connectEndpoint(InternalExecRuntime.java:174)
at org.apache.hc.client5.http.impl.classic.ConnectExec.execute(ConnectExec.java:135)
at org.apache.hc.client5.http.impl.classic.ExecChainElement.execute(ExecChainElement.java:51)
at org.apache.hc.client5.http.impl.classic.ExecChainElement$1.proceed(ExecChainElement.java:57)
at org.apache.hc.client5.http.impl.classic.ProtocolExec.execute(ProtocolExec.java:172)
at org.apache.hc.client5.http.impl.classic.ExecChainElement.execute(ExecChainElement.java:51)
at org.apache.hc.client5.http.impl.classic.ExecChainElement$1.proceed(ExecChainElement.java:57)
at org.apache.hc.client5.http.impl.classic.HttpRequestRetryExec.execute(HttpRequestRetryExec.java:93)
at org.apache.hc.client5.http.impl.classic.ExecChainElement.execute(ExecChainElement.java:51)
at org.apache.hc.client5.http.impl.classic.ExecChainElement$1.proceed(ExecChainElement.java:57)
at org.apache.hc.client5.http.impl.classic.ContentCompressionExec.execute(ContentCompressionExec.java:128)
at org.apache.hc.client5.http.impl.classic.ExecChainElement.execute(ExecChainElement.java:51)
at org.apache.hc.client5.http.impl.classic.ExecChainElement$1.proceed(ExecChainElement.java:57)
at org.apache.hc.client5.http.impl.classic.RedirectExec.execute(RedirectExec.java:116)
at org.apache.hc.client5.http.impl.classic.ExecChainElement.execute(ExecChainElement.java:51)
at org.apache.hc.client5.http.impl.classic.InternalHttpClient.doExecute(InternalHttpClient.java:178)
at org.apache.hc.client5.http.impl.classic.CloseableHttpClient.execute(CloseableHttpClient.java:75)
at org.apache.hc.client5.http.impl.classic.CloseableHttpClient.execute(CloseableHttpClient.java:89)
at io.github.bonigarcia.wdm.online.HttpClient.execute(HttpClient.java:139)
at io.github.bonigarcia.wdm.WebDriverManager.getDriversFromXml(WebDriverManager.java:930)
... 26 more
... Removed 10 stack frames]]>
    </failure>
  </testcase> <!-- @BeforeClass initilization -->
  <testcase name="@BeforeMethod beforeMethod" time="-1.621753327008E9" classname="org.dolphin.MenuTest">
    <skipped/>
  </testcase> <!-- @BeforeMethod beforeMethod -->
  <testcase name="@AfterClass afterClass" time="-1.62175332701E9" classname="org.dolphin.MenuTest">
    <skipped/>
  </testcase> <!-- @AfterClass afterClass -->
  <testcase name="@BeforeClass initilization" time="0.212" classname="org.dolphin.LoginTest">
    <failure type="io.github.bonigarcia.wdm.config.WebDriverManagerException" message="io.github.bonigarcia.wdm.config.WebDriverManagerException: java.net.UnknownHostException: chromedriver.storage.googleapis.com">
      <![CDATA[io.github.bonigarcia.wdm.config.WebDriverManagerException: io.github.bonigarcia.wdm.config.WebDriverManagerException: java.net.UnknownHostException: chromedriver.storage.googleapis.com
at io.github.bonigarcia.wdm.WebDriverManager.handleException(WebDriverManager.java:802)
at io.github.bonigarcia.wdm.WebDriverManager.manage(WebDriverManager.java:593)
at io.github.bonigarcia.wdm.WebDriverManager.fallback(WebDriverManager.java:818)
at io.github.bonigarcia.wdm.WebDriverManager.handleException(WebDriverManager.java:799)
at io.github.bonigarcia.wdm.WebDriverManager.manage(WebDriverManager.java:593)
at io.github.bonigarcia.wdm.WebDriverManager.handleException(WebDriverManager.java:792)
at io.github.bonigarcia.wdm.WebDriverManager.manage(WebDriverManager.java:593)
at io.github.bonigarcia.wdm.WebDriverManager.setup(WebDriverManager.java:286)
at org.dolphin.Base.setDriver(Base.java:54)
at org.dolphin.Base.getDriver(Base.java:62)
at org.dolphin.LoginTest.initilization(LoginTest.java:24)
at java.util.concurrent.ThreadPoolExecutor.runWorker(ThreadPoolExecutor.java:1149)
at java.util.concurrent.ThreadPoolExecutor$Worker.run(ThreadPoolExecutor.java:624)
at java.lang.Thread.run(Thread.java:748)
Caused by: io.github.bonigarcia.wdm.config.WebDriverManagerException: java.net.UnknownHostException: chromedriver.storage.googleapis.com
at io.github.bonigarcia.wdm.WebDriverManager.getDriversFromXml(WebDriverManager.java:945)
at io.github.bonigarcia.wdm.managers.ChromeDriverManager.getDriverUrls(ChromeDriverManager.java:100)
at io.github.bonigarcia.wdm.WebDriverManager.createUrlHandler(WebDriverManager.java:823)
at io.github.bonigarcia.wdm.WebDriverManager.download(WebDriverManager.java:670)
at io.github.bonigarcia.wdm.WebDriverManager.manage(WebDriverManager.java:587)
... 22 more
Caused by: java.net.UnknownHostException: chromedriver.storage.googleapis.com
at java.net.InetAddress.getAllByName0(InetAddress.java:1281)
at java.net.InetAddress.getAllByName(InetAddress.java:1193)
at java.net.InetAddress.getAllByName(InetAddress.java:1127)
at org.apache.hc.client5.http.SystemDefaultDnsResolver.resolve(SystemDefaultDnsResolver.java:43)
at org.apache.hc.client5.http.impl.io.DefaultHttpClientConnectionOperator.connect(DefaultHttpClientConnectionOperator.java:118)
at org.apache.hc.client5.http.impl.io.PoolingHttpClientConnectionManager.connect(PoolingHttpClientConnectionManager.java:409)
at org.apache.hc.client5.http.impl.classic.InternalExecRuntime.connectEndpoint(InternalExecRuntime.java:164)
at org.apache.hc.client5.http.impl.classic.InternalExecRuntime.connectEndpoint(InternalExecRuntime.java:174)
at org.apache.hc.client5.http.impl.classic.ConnectExec.execute(ConnectExec.java:135)
at org.apache.hc.client5.http.impl.classic.ExecChainElement.execute(ExecChainElement.java:51)
at org.apache.hc.client5.http.impl.classic.ExecChainElement$1.proceed(ExecChainElement.java:57)
at org.apache.hc.client5.http.impl.classic.ProtocolExec.execute(ProtocolExec.java:172)
at org.apache.hc.client5.http.impl.classic.ExecChainElement.execute(ExecChainElement.java:51)
at org.apache.hc.client5.http.impl.classic.ExecChainElement$1.proceed(ExecChainElement.java:57)
at org.apache.hc.client5.http.impl.classic.HttpRequestRetryExec.execute(HttpRequestRetryExec.java:93)
at org.apache.hc.client5.http.impl.classic.ExecChainElement.execute(ExecChainElement.java:51)
at org.apache.hc.client5.http.impl.classic.ExecChainElement$1.proceed(ExecChainElement.java:57)
at org.apache.hc.client5.http.impl.classic.ContentCompressionExec.execute(ContentCompressionExec.java:128)
at org.apache.hc.client5.http.impl.classic.ExecChainElement.execute(ExecChainElement.java:51)
at org.apache.hc.client5.http.impl.classic.ExecChainElement$1.proceed(ExecChainElement.java:57)
at org.apache.hc.client5.http.impl.classic.RedirectExec.execute(RedirectExec.java:116)
at org.apache.hc.client5.http.impl.classic.ExecChainElement.execute(ExecChainElement.java:51)
at org.apache.hc.client5.http.impl.classic.InternalHttpClient.doExecute(InternalHttpClient.java:178)
at org.apache.hc.client5.http.impl.classic.CloseableHttpClient.execute(CloseableHttpClient.java:75)
at org.apache.hc.client5.http.impl.classic.CloseableHttpClient.execute(CloseableHttpClient.java:89)
at io.github.bonigarcia.wdm.online.HttpClient.execute(HttpClient.java:139)
at io.github.bonigarcia.wdm.WebDriverManager.getDriversFromXml(WebDriverManager.java:930)
... 26 more
... Removed 10 stack frames]]>
    </failure>
  </testcase> <!-- @BeforeClass initilization -->
  <testcase name="@BeforeMethod beforeMethod" time="-1.621753327058E9" classname="org.dolphin.LoginTest">
    <skipped/>
  </testcase> <!-- @BeforeMethod beforeMethod -->
  <testcase name="@BeforeMethod beforeMethod" time="-1.62175332706E9" classname="org.dolphin.LoginTest">
    <skipped/>
  </testcase> <!-- @BeforeMethod beforeMethod -->
  <testcase name="@BeforeMethod beforeMethod" time="-1.621753327062E9" classname="org.dolphin.LoginTest">
    <skipped/>
  </testcase> <!-- @BeforeMethod beforeMethod -->
  <testcase name="@BeforeMethod beforeMethod" time="-1.621753327063E9" classname="org.dolphin.LoginTest">
    <skipped/>
  </testcase> <!-- @BeforeMethod beforeMethod -->
  <testcase name="@BeforeMethod beforeMethod" time="-1.621753327064E9" classname="org.dolphin.LoginTest">
    <skipped/>
  </testcase> <!-- @BeforeMethod beforeMethod -->
  <testcase name="@BeforeMethod beforeMethod" time="-1.621753327066E9" classname="org.dolphin.LoginTest">
    <skipped/>
  </testcase> <!-- @BeforeMethod beforeMethod -->
  <testcase name="@BeforeMethod beforeMethod" time="-1.621753327067E9" classname="org.dolphin.LoginTest">
    <skipped/>
  </testcase> <!-- @BeforeMethod beforeMethod -->
  <testcase name="@BeforeMethod beforeMethod" time="-1.621753327068E9" classname="org.dolphin.LoginTest">
    <skipped/>
  </testcase> <!-- @BeforeMethod beforeMethod -->
  <testcase name="@BeforeMethod beforeMethod" time="-1.62175332707E9" classname="org.dolphin.LoginTest">
    <skipped/>
  </testcase> <!-- @BeforeMethod beforeMethod -->
  <testcase name="@BeforeMethod beforeMethod" time="-1.621753327071E9" classname="org.dolphin.LoginTest">
    <skipped/>
  </testcase> <!-- @BeforeMethod beforeMethod -->
  <testcase name="@BeforeMethod beforeMethod" time="-1.621753327072E9" classname="org.dolphin.LoginTest">
    <skipped/>
  </testcase> <!-- @BeforeMethod beforeMethod -->
  <testcase name="@AfterClass afterClass" time="-1.621753327073E9" classname="org.dolphin.LoginTest">
    <skipped/>
  </testcase> <!-- @AfterClass afterClass -->
  <testcase name="@BeforeClass init" time="0.12" classname="org.dolphin.RadioButtonTest">
    <failure type="io.github.bonigarcia.wdm.config.WebDriverManagerException" message="io.github.bonigarcia.wdm.config.WebDriverManagerException: java.net.UnknownHostException: chromedriver.storage.googleapis.com">
      <![CDATA[io.github.bonigarcia.wdm.config.WebDriverManagerException: io.github.bonigarcia.wdm.config.WebDriverManagerException: java.net.UnknownHostException: chromedriver.storage.googleapis.com
at io.github.bonigarcia.wdm.WebDriverManager.handleException(WebDriverManager.java:802)
at io.github.bonigarcia.wdm.WebDriverManager.manage(WebDriverManager.java:593)
at io.github.bonigarcia.wdm.WebDriverManager.fallback(WebDriverManager.java:818)
at io.github.bonigarcia.wdm.WebDriverManager.handleException(WebDriverManager.java:799)
at io.github.bonigarcia.wdm.WebDriverManager.manage(WebDriverManager.java:593)
at io.github.bonigarcia.wdm.WebDriverManager.handleException(WebDriverManager.java:792)
at io.github.bonigarcia.wdm.WebDriverManager.manage(WebDriverManager.java:593)
at io.github.bonigarcia.wdm.WebDriverManager.setup(WebDriverManager.java:286)
at org.dolphin.Base.setDriver(Base.java:54)
at org.dolphin.Base.getDriver(Base.java:62)
at org.dolphin.RadioButtonTest.init(RadioButtonTest.java:24)
at java.util.concurrent.ThreadPoolExecutor.runWorker(ThreadPoolExecutor.java:1149)
at java.util.concurrent.ThreadPoolExecutor$Worker.run(ThreadPoolExecutor.java:624)
at java.lang.Thread.run(Thread.java:748)
Caused by: io.github.bonigarcia.wdm.config.WebDriverManagerException: java.net.UnknownHostException: chromedriver.storage.googleapis.com
at io.github.bonigarcia.wdm.WebDriverManager.getDriversFromXml(WebDriverManager.java:945)
at io.github.bonigarcia.wdm.managers.ChromeDriverManager.getDriverUrls(ChromeDriverManager.java:100)
at io.github.bonigarcia.wdm.WebDriverManager.createUrlHandler(WebDriverManager.java:823)
at io.github.bonigarcia.wdm.WebDriverManager.download(WebDriverManager.java:670)
at io.github.bonigarcia.wdm.WebDriverManager.manage(WebDriverManager.java:587)
... 22 more
Caused by: java.net.UnknownHostException: chromedriver.storage.googleapis.com
at java.net.InetAddress.getAllByName0(InetAddress.java:1281)
at java.net.InetAddress.getAllByName(InetAddress.java:1193)
at java.net.InetAddress.getAllByName(InetAddress.java:1127)
at org.apache.hc.client5.http.SystemDefaultDnsResolver.resolve(SystemDefaultDnsResolver.java:43)
at org.apache.hc.client5.http.impl.io.DefaultHttpClientConnectionOperator.connect(DefaultHttpClientConnectionOperator.java:118)
at org.apache.hc.client5.http.impl.io.PoolingHttpClientConnectionManager.connect(PoolingHttpClientConnectionManager.java:409)
at org.apache.hc.client5.http.impl.classic.InternalExecRuntime.connectEndpoint(InternalExecRuntime.java:164)
at org.apache.hc.client5.http.impl.classic.InternalExecRuntime.connectEndpoint(InternalExecRuntime.java:174)
at org.apache.hc.client5.http.impl.classic.ConnectExec.execute(ConnectExec.java:135)
at org.apache.hc.client5.http.impl.classic.ExecChainElement.execute(ExecChainElement.java:51)
at org.apache.hc.client5.http.impl.classic.ExecChainElement$1.proceed(ExecChainElement.java:57)
at org.apache.hc.client5.http.impl.classic.ProtocolExec.execute(ProtocolExec.java:172)
at org.apache.hc.client5.http.impl.classic.ExecChainElement.execute(ExecChainElement.java:51)
at org.apache.hc.client5.http.impl.classic.ExecChainElement$1.proceed(ExecChainElement.java:57)
at org.apache.hc.client5.http.impl.classic.HttpRequestRetryExec.execute(HttpRequestRetryExec.java:93)
at org.apache.hc.client5.http.impl.classic.ExecChainElement.execute(ExecChainElement.java:51)
at org.apache.hc.client5.http.impl.classic.ExecChainElement$1.proceed(ExecChainElement.java:57)
at org.apache.hc.client5.http.impl.classic.ContentCompressionExec.execute(ContentCompressionExec.java:128)
at org.apache.hc.client5.http.impl.classic.ExecChainElement.execute(ExecChainElement.java:51)
at org.apache.hc.client5.http.impl.classic.ExecChainElement$1.proceed(ExecChainElement.java:57)
at org.apache.hc.client5.http.impl.classic.RedirectExec.execute(RedirectExec.java:116)
at org.apache.hc.client5.http.impl.classic.ExecChainElement.execute(ExecChainElement.java:51)
at org.apache.hc.client5.http.impl.classic.InternalHttpClient.doExecute(InternalHttpClient.java:178)
at org.apache.hc.client5.http.impl.classic.CloseableHttpClient.execute(CloseableHttpClient.java:75)
at org.apache.hc.client5.http.impl.classic.CloseableHttpClient.execute(CloseableHttpClient.java:89)
at io.github.bonigarcia.wdm.online.HttpClient.execute(HttpClient.java:139)
at io.github.bonigarcia.wdm.WebDriverManager.getDriversFromXml(WebDriverManager.java:930)
... 26 more
... Removed 10 stack frames]]>
    </failure>
  </testcase> <!-- @BeforeClass init -->
  <testcase name="@BeforeMethod beforeMethod" time="-1.62175332713E9" classname="org.dolphin.RadioButtonTest">
    <skipped/>
  </testcase> <!-- @BeforeMethod beforeMethod -->
  <testcase name="@AfterClass tearDown" time="-1.621753327131E9" classname="org.dolphin.RadioButtonTest">
    <skipped/>
  </testcase> <!-- @AfterClass tearDown -->
  <testcase name="@BeforeClass init" time="0.231" classname="org.dolphin.ModalDialogTest">
    <failure type="io.github.bonigarcia.wdm.config.WebDriverManagerException" message="io.github.bonigarcia.wdm.config.WebDriverManagerException: java.net.UnknownHostException: chromedriver.storage.googleapis.com">
      <![CDATA[io.github.bonigarcia.wdm.config.WebDriverManagerException: io.github.bonigarcia.wdm.config.WebDriverManagerException: java.net.UnknownHostException: chromedriver.storage.googleapis.com
at io.github.bonigarcia.wdm.WebDriverManager.handleException(WebDriverManager.java:802)
at io.github.bonigarcia.wdm.WebDriverManager.manage(WebDriverManager.java:593)
at io.github.bonigarcia.wdm.WebDriverManager.fallback(WebDriverManager.java:818)
at io.github.bonigarcia.wdm.WebDriverManager.handleException(WebDriverManager.java:799)
at io.github.bonigarcia.wdm.WebDriverManager.manage(WebDriverManager.java:593)
at io.github.bonigarcia.wdm.WebDriverManager.handleException(WebDriverManager.java:792)
at io.github.bonigarcia.wdm.WebDriverManager.manage(WebDriverManager.java:593)
at io.github.bonigarcia.wdm.WebDriverManager.setup(WebDriverManager.java:286)
at org.dolphin.Base.setDriver(Base.java:54)
at org.dolphin.Base.getDriver(Base.java:62)
at org.dolphin.ModalDialogTest.init(ModalDialogTest.java:24)
at java.util.concurrent.ThreadPoolExecutor.runWorker(ThreadPoolExecutor.java:1149)
at java.util.concurrent.ThreadPoolExecutor$Worker.run(ThreadPoolExecutor.java:624)
at java.lang.Thread.run(Thread.java:748)
Caused by: io.github.bonigarcia.wdm.config.WebDriverManagerException: java.net.UnknownHostException: chromedriver.storage.googleapis.com
at io.github.bonigarcia.wdm.WebDriverManager.getDriversFromXml(WebDriverManager.java:945)
at io.github.bonigarcia.wdm.managers.ChromeDriverManager.getDriverUrls(ChromeDriverManager.java:100)
at io.github.bonigarcia.wdm.WebDriverManager.createUrlHandler(WebDriverManager.java:823)
at io.github.bonigarcia.wdm.WebDriverManager.download(WebDriverManager.java:670)
at io.github.bonigarcia.wdm.WebDriverManager.manage(WebDriverManager.java:587)
... 22 more
Caused by: java.net.UnknownHostException: chromedriver.storage.googleapis.com
at java.net.InetAddress.getAllByName0(InetAddress.java:1281)
at java.net.InetAddress.getAllByName(InetAddress.java:1193)
at java.net.InetAddress.getAllByName(InetAddress.java:1127)
at org.apache.hc.client5.http.SystemDefaultDnsResolver.resolve(SystemDefaultDnsResolver.java:43)
at org.apache.hc.client5.http.impl.io.DefaultHttpClientConnectionOperator.connect(DefaultHttpClientConnectionOperator.java:118)
at org.apache.hc.client5.http.impl.io.PoolingHttpClientConnectionManager.connect(PoolingHttpClientConnectionManager.java:409)
at org.apache.hc.client5.http.impl.classic.InternalExecRuntime.connectEndpoint(InternalExecRuntime.java:164)
at org.apache.hc.client5.http.impl.classic.InternalExecRuntime.connectEndpoint(InternalExecRuntime.java:174)
at org.apache.hc.client5.http.impl.classic.ConnectExec.execute(ConnectExec.java:135)
at org.apache.hc.client5.http.impl.classic.ExecChainElement.execute(ExecChainElement.java:51)
at org.apache.hc.client5.http.impl.classic.ExecChainElement$1.proceed(ExecChainElement.java:57)
at org.apache.hc.client5.http.impl.classic.ProtocolExec.execute(ProtocolExec.java:172)
at org.apache.hc.client5.http.impl.classic.ExecChainElement.execute(ExecChainElement.java:51)
at org.apache.hc.client5.http.impl.classic.ExecChainElement$1.proceed(ExecChainElement.java:57)
at org.apache.hc.client5.http.impl.classic.HttpRequestRetryExec.execute(HttpRequestRetryExec.java:93)
at org.apache.hc.client5.http.impl.classic.ExecChainElement.execute(ExecChainElement.java:51)
at org.apache.hc.client5.http.impl.classic.ExecChainElement$1.proceed(ExecChainElement.java:57)
at org.apache.hc.client5.http.impl.classic.ContentCompressionExec.execute(ContentCompressionExec.java:128)
at org.apache.hc.client5.http.impl.classic.ExecChainElement.execute(ExecChainElement.java:51)
at org.apache.hc.client5.http.impl.classic.ExecChainElement$1.proceed(ExecChainElement.java:57)
at org.apache.hc.client5.http.impl.classic.RedirectExec.execute(RedirectExec.java:116)
at org.apache.hc.client5.http.impl.classic.ExecChainElement.execute(ExecChainElement.java:51)
at org.apache.hc.client5.http.impl.classic.InternalHttpClient.doExecute(InternalHttpClient.java:178)
at org.apache.hc.client5.http.impl.classic.CloseableHttpClient.execute(CloseableHttpClient.java:75)
at org.apache.hc.client5.http.impl.classic.CloseableHttpClient.execute(CloseableHttpClient.java:89)
at io.github.bonigarcia.wdm.online.HttpClient.execute(HttpClient.java:139)
at io.github.bonigarcia.wdm.WebDriverManager.getDriversFromXml(WebDriverManager.java:930)
... 26 more
... Removed 10 stack frames]]>
    </failure>
  </testcase> <!-- @BeforeClass init -->
  <testcase name="@BeforeMethod beforeMethod" time="-1.62175332719E9" classname="org.dolphin.ModalDialogTest">
    <skipped/>
  </testcase> <!-- @BeforeMethod beforeMethod -->
  <testcase name="@AfterClass tearDown" time="-1.621753327192E9" classname="org.dolphin.ModalDialogTest">
    <skipped/>
  </testcase> <!-- @AfterClass tearDown -->
  <testcase name="@BeforeClass init" time="0.123" classname="org.dolphin.DatePickerTest">
    <failure type="io.github.bonigarcia.wdm.config.WebDriverManagerException" message="io.github.bonigarcia.wdm.config.WebDriverManagerException: java.net.UnknownHostException: chromedriver.storage.googleapis.com">
      <![CDATA[io.github.bonigarcia.wdm.config.WebDriverManagerException: io.github.bonigarcia.wdm.config.WebDriverManagerException: java.net.UnknownHostException: chromedriver.storage.googleapis.com
at io.github.bonigarcia.wdm.WebDriverManager.handleException(WebDriverManager.java:802)
at io.github.bonigarcia.wdm.WebDriverManager.manage(WebDriverManager.java:593)
at io.github.bonigarcia.wdm.WebDriverManager.fallback(WebDriverManager.java:818)
at io.github.bonigarcia.wdm.WebDriverManager.handleException(WebDriverManager.java:799)
at io.github.bonigarcia.wdm.WebDriverManager.manage(WebDriverManager.java:593)
at io.github.bonigarcia.wdm.WebDriverManager.handleException(WebDriverManager.java:792)
at io.github.bonigarcia.wdm.WebDriverManager.manage(WebDriverManager.java:593)
at io.github.bonigarcia.wdm.WebDriverManager.setup(WebDriverManager.java:286)
at org.dolphin.Base.setDriver(Base.java:54)
at org.dolphin.Base.getDriver(Base.java:62)
at org.dolphin.DatePickerTest.init(DatePickerTest.java:25)
at java.util.concurrent.ThreadPoolExecutor.runWorker(ThreadPoolExecutor.java:1149)
at java.util.concurrent.ThreadPoolExecutor$Worker.run(ThreadPoolExecutor.java:624)
at java.lang.Thread.run(Thread.java:748)
Caused by: io.github.bonigarcia.wdm.config.WebDriverManagerException: java.net.UnknownHostException: chromedriver.storage.googleapis.com
at io.github.bonigarcia.wdm.WebDriverManager.getDriversFromXml(WebDriverManager.java:945)
at io.github.bonigarcia.wdm.managers.ChromeDriverManager.getDriverUrls(ChromeDriverManager.java:100)
at io.github.bonigarcia.wdm.WebDriverManager.createUrlHandler(WebDriverManager.java:823)
at io.github.bonigarcia.wdm.WebDriverManager.download(WebDriverManager.java:670)
at io.github.bonigarcia.wdm.WebDriverManager.manage(WebDriverManager.java:587)
... 22 more
Caused by: java.net.UnknownHostException: chromedriver.storage.googleapis.com
at java.net.InetAddress.getAllByName0(InetAddress.java:1281)
at java.net.InetAddress.getAllByName(InetAddress.java:1193)
at java.net.InetAddress.getAllByName(InetAddress.java:1127)
at org.apache.hc.client5.http.SystemDefaultDnsResolver.resolve(SystemDefaultDnsResolver.java:43)
at org.apache.hc.client5.http.impl.io.DefaultHttpClientConnectionOperator.connect(DefaultHttpClientConnectionOperator.java:118)
at org.apache.hc.client5.http.impl.io.PoolingHttpClientConnectionManager.connect(PoolingHttpClientConnectionManager.java:409)
at org.apache.hc.client5.http.impl.classic.InternalExecRuntime.connectEndpoint(InternalExecRuntime.java:164)
at org.apache.hc.client5.http.impl.classic.InternalExecRuntime.connectEndpoint(InternalExecRuntime.java:174)
at org.apache.hc.client5.http.impl.classic.ConnectExec.execute(ConnectExec.java:135)
at org.apache.hc.client5.http.impl.classic.ExecChainElement.execute(ExecChainElement.java:51)
at org.apache.hc.client5.http.impl.classic.ExecChainElement$1.proceed(ExecChainElement.java:57)
at org.apache.hc.client5.http.impl.classic.ProtocolExec.execute(ProtocolExec.java:172)
at org.apache.hc.client5.http.impl.classic.ExecChainElement.execute(ExecChainElement.java:51)
at org.apache.hc.client5.http.impl.classic.ExecChainElement$1.proceed(ExecChainElement.java:57)
at org.apache.hc.client5.http.impl.classic.HttpRequestRetryExec.execute(HttpRequestRetryExec.java:93)
at org.apache.hc.client5.http.impl.classic.ExecChainElement.execute(ExecChainElement.java:51)
at org.apache.hc.client5.http.impl.classic.ExecChainElement$1.proceed(ExecChainElement.java:57)
at org.apache.hc.client5.http.impl.classic.ContentCompressionExec.execute(ContentCompressionExec.java:128)
at org.apache.hc.client5.http.impl.classic.ExecChainElement.execute(ExecChainElement.java:51)
at org.apache.hc.client5.http.impl.classic.ExecChainElement$1.proceed(ExecChainElement.java:57)
at org.apache.hc.client5.http.impl.classic.RedirectExec.execute(RedirectExec.java:116)
at org.apache.hc.client5.http.impl.classic.ExecChainElement.execute(ExecChainElement.java:51)
at org.apache.hc.client5.http.impl.classic.InternalHttpClient.doExecute(InternalHttpClient.java:178)
at org.apache.hc.client5.http.impl.classic.CloseableHttpClient.execute(CloseableHttpClient.java:75)
at org.apache.hc.client5.http.impl.classic.CloseableHttpClient.execute(CloseableHttpClient.java:89)
at io.github.bonigarcia.wdm.online.HttpClient.execute(HttpClient.java:139)
at io.github.bonigarcia.wdm.WebDriverManager.getDriversFromXml(WebDriverManager.java:930)
... 26 more
... Removed 10 stack frames]]>
    </failure>
  </testcase> <!-- @BeforeClass init -->
  <testcase name="@BeforeMethod beforeMethod" time="-1.621753327256E9" classname="org.dolphin.DatePickerTest">
    <skipped/>
  </testcase> <!-- @BeforeMethod beforeMethod -->
  <testcase name="@BeforeMethod beforeMethod" time="-1.621753327257E9" classname="org.dolphin.DatePickerTest">
    <skipped/>
  </testcase> <!-- @BeforeMethod beforeMethod -->
  <testcase name="@BeforeMethod beforeMethod" time="-1.621753327258E9" classname="org.dolphin.DatePickerTest">
    <skipped/>
  </testcase> <!-- @BeforeMethod beforeMethod -->
  <testcase name="@BeforeMethod beforeMethod" time="-1.62175332726E9" classname="org.dolphin.DatePickerTest">
    <skipped/>
  </testcase> <!-- @BeforeMethod beforeMethod -->
  <testcase name="@AfterClass tearDown" time="-1.621753327261E9" classname="org.dolphin.DatePickerTest">
    <skipped/>
  </testcase> <!-- @AfterClass tearDown -->
  <testcase name="@BeforeClass init" time="0.239" classname="org.dolphin.SelectMenuTest">
    <failure type="io.github.bonigarcia.wdm.config.WebDriverManagerException" message="io.github.bonigarcia.wdm.config.WebDriverManagerException: java.net.UnknownHostException: chromedriver.storage.googleapis.com">
      <![CDATA[io.github.bonigarcia.wdm.config.WebDriverManagerException: io.github.bonigarcia.wdm.config.WebDriverManagerException: java.net.UnknownHostException: chromedriver.storage.googleapis.com
at io.github.bonigarcia.wdm.WebDriverManager.handleException(WebDriverManager.java:802)
at io.github.bonigarcia.wdm.WebDriverManager.manage(WebDriverManager.java:593)
at io.github.bonigarcia.wdm.WebDriverManager.fallback(WebDriverManager.java:818)
at io.github.bonigarcia.wdm.WebDriverManager.handleException(WebDriverManager.java:799)
at io.github.bonigarcia.wdm.WebDriverManager.manage(WebDriverManager.java:593)
at io.github.bonigarcia.wdm.WebDriverManager.handleException(WebDriverManager.java:792)
at io.github.bonigarcia.wdm.WebDriverManager.manage(WebDriverManager.java:593)
at io.github.bonigarcia.wdm.WebDriverManager.setup(WebDriverManager.java:286)
at org.dolphin.Base.setDriver(Base.java:54)
at org.dolphin.Base.getDriver(Base.java:62)
at org.dolphin.SelectMenuTest.init(SelectMenuTest.java:24)
at java.util.concurrent.ThreadPoolExecutor.runWorker(ThreadPoolExecutor.java:1149)
at java.util.concurrent.ThreadPoolExecutor$Worker.run(ThreadPoolExecutor.java:624)
at java.lang.Thread.run(Thread.java:748)
Caused by: io.github.bonigarcia.wdm.config.WebDriverManagerException: java.net.UnknownHostException: chromedriver.storage.googleapis.com
at io.github.bonigarcia.wdm.WebDriverManager.getDriversFromXml(WebDriverManager.java:945)
at io.github.bonigarcia.wdm.managers.ChromeDriverManager.getDriverUrls(ChromeDriverManager.java:100)
at io.github.bonigarcia.wdm.WebDriverManager.createUrlHandler(WebDriverManager.java:823)
at io.github.bonigarcia.wdm.WebDriverManager.download(WebDriverManager.java:670)
at io.github.bonigarcia.wdm.WebDriverManager.manage(WebDriverManager.java:587)
... 22 more
Caused by: java.net.UnknownHostException: chromedriver.storage.googleapis.com
at java.net.InetAddress.getAllByName0(InetAddress.java:1281)
at java.net.InetAddress.getAllByName(InetAddress.java:1193)
at java.net.InetAddress.getAllByName(InetAddress.java:1127)
at org.apache.hc.client5.http.SystemDefaultDnsResolver.resolve(SystemDefaultDnsResolver.java:43)
at org.apache.hc.client5.http.impl.io.DefaultHttpClientConnectionOperator.connect(DefaultHttpClientConnectionOperator.java:118)
at org.apache.hc.client5.http.impl.io.PoolingHttpClientConnectionManager.connect(PoolingHttpClientConnectionManager.java:409)
at org.apache.hc.client5.http.impl.classic.InternalExecRuntime.connectEndpoint(InternalExecRuntime.java:164)
at org.apache.hc.client5.http.impl.classic.InternalExecRuntime.connectEndpoint(InternalExecRuntime.java:174)
at org.apache.hc.client5.http.impl.classic.ConnectExec.execute(ConnectExec.java:135)
at org.apache.hc.client5.http.impl.classic.ExecChainElement.execute(ExecChainElement.java:51)
at org.apache.hc.client5.http.impl.classic.ExecChainElement$1.proceed(ExecChainElement.java:57)
at org.apache.hc.client5.http.impl.classic.ProtocolExec.execute(ProtocolExec.java:172)
at org.apache.hc.client5.http.impl.classic.ExecChainElement.execute(ExecChainElement.java:51)
at org.apache.hc.client5.http.impl.classic.ExecChainElement$1.proceed(ExecChainElement.java:57)
at org.apache.hc.client5.http.impl.classic.HttpRequestRetryExec.execute(HttpRequestRetryExec.java:93)
at org.apache.hc.client5.http.impl.classic.ExecChainElement.execute(ExecChainElement.java:51)
at org.apache.hc.client5.http.impl.classic.ExecChainElement$1.proceed(ExecChainElement.java:57)
at org.apache.hc.client5.http.impl.classic.ContentCompressionExec.execute(ContentCompressionExec.java:128)
at org.apache.hc.client5.http.impl.classic.ExecChainElement.execute(ExecChainElement.java:51)
at org.apache.hc.client5.http.impl.classic.ExecChainElement$1.proceed(ExecChainElement.java:57)
at org.apache.hc.client5.http.impl.classic.RedirectExec.execute(RedirectExec.java:116)
at org.apache.hc.client5.http.impl.classic.ExecChainElement.execute(ExecChainElement.java:51)
at org.apache.hc.client5.http.impl.classic.InternalHttpClient.doExecute(InternalHttpClient.java:178)
at org.apache.hc.client5.http.impl.classic.CloseableHttpClient.execute(CloseableHttpClient.java:75)
at org.apache.hc.client5.http.impl.classic.CloseableHttpClient.execute(CloseableHttpClient.java:89)
at io.github.bonigarcia.wdm.online.HttpClient.execute(HttpClient.java:139)
at io.github.bonigarcia.wdm.WebDriverManager.getDriversFromXml(WebDriverManager.java:930)
... 26 more
... Removed 10 stack frames]]>
    </failure>
  </testcase> <!-- @BeforeClass init -->
[...]
  <testcase name="@BeforeMethod beforeMethod" time="-1.621753327418E9" classname="org.dolphin.PracticeFormTest">
    <skipped/>
  </testcase> <!-- @BeforeMethod beforeMethod -->
  <testcase name="@BeforeMethod beforeMethod" time="-1.621753327419E9" classname="org.dolphin.PracticeFormTest">
    <skipped/>
  </testcase> <!-- @BeforeMethod beforeMethod -->
  <testcase name="@AfterClass tearDown" time="-1.62175332742E9" classname="org.dolphin.PracticeFormTest">
    <skipped/>
  </testcase> <!-- @AfterClass tearDown -->
  <testcase name="@BeforeClass init" time="0.105" classname="org.dolphin.DynamicPropertiesTest">
    <failure type="io.github.bonigarcia.wdm.config.WebDriverManagerException" message="io.github.bonigarcia.wdm.config.WebDriverManagerException: java.net.UnknownHostException: chromedriver.storage.googleapis.com">
      <![CDATA[io.github.bonigarcia.wdm.config.WebDriverManagerException: io.github.bonigarcia.wdm.config.WebDriverManagerException: java.net.UnknownHostException: chromedriver.storage.googleapis.com
at io.github.bonigarcia.wdm.WebDriverManager.handleException(WebDriverManager.java:802)
at io.github.bonigarcia.wdm.WebDriverManager.manage(WebDriverManager.java:593)
at io.github.bonigarcia.wdm.WebDriverManager.fallback(WebDriverManager.java:818)
at io.github.bonigarcia.wdm.WebDriverManager.handleException(WebDriverManager.java:799)
at io.github.bonigarcia.wdm.WebDriverManager.manage(WebDriverManager.java:593)
at io.github.bonigarcia.wdm.WebDriverManager.handleException(WebDriverManager.java:792)
at io.github.bonigarcia.wdm.WebDriverManager.manage(WebDriverManager.java:593)
at io.github.bonigarcia.wdm.WebDriverManager.setup(WebDriverManager.java:286)
at org.dolphin.Base.setDriver(Base.java:54)
at org.dolphin.Base.getDriver(Base.java:62)
at org.dolphin.DynamicPropertiesTest.init(DynamicPropertiesTest.java:26)
at java.util.concurrent.ThreadPoolExecutor.runWorker(ThreadPoolExecutor.java:1149)
at java.util.concurrent.ThreadPoolExecutor$Worker.run(ThreadPoolExecutor.java:624)
at java.lang.Thread.run(Thread.java:748)
Caused by: io.github.bonigarcia.wdm.config.WebDriverManagerException: java.net.UnknownHostException: chromedriver.storage.googleapis.com
at io.github.bonigarcia.wdm.WebDriverManager.getDriversFromXml(WebDriverManager.java:945)
at io.github.bonigarcia.wdm.managers.ChromeDriverManager.getDriverUrls(ChromeDriverManager.java:100)
at io.github.bonigarcia.wdm.WebDriverManager.createUrlHandler(WebDriverManager.java:823)
at io.github.bonigarcia.wdm.WebDriverManager.download(WebDriverManager.java:670)
at io.github.bonigarcia.wdm.WebDriverManager.manage(WebDriverManager.java:587)
... 22 more
Caused by: java.net.UnknownHostException: chromedriver.storage.googleapis.com
at java.net.InetAddress.getAllByName0(InetAddress.java:1281)
at java.net.InetAddress.getAllByName(InetAddress.java:1193)
at java.net.InetAddress.getAllByName(InetAddress.java:1127)
at org.apache.hc.client5.http.SystemDefaultDnsResolver.resolve(SystemDefaultDnsResolver.java:43)
at org.apache.hc.client5.http.impl.io.DefaultHttpClientConnectionOperator.connect(DefaultHttpClientConnectionOperator.java:118)
at org.apache.hc.client5.http.impl.io.PoolingHttpClientConnectionManager.connect(PoolingHttpClientConnectionManager.java:409)
at org.apache.hc.client5.http.impl.classic.InternalExecRuntime.connectEndpoint(InternalExecRuntime.java:164)
at org.apache.hc.client5.http.impl.classic.InternalExecRuntime.connectEndpoint(InternalExecRuntime.java:174)
at org.apache.hc.client5.http.impl.classic.ConnectExec.execute(ConnectExec.java:135)
at org.apache.hc.client5.http.impl.classic.ExecChainElement.execute(ExecChainElement.java:51)
at org.apache.hc.client5.http.impl.classic.ExecChainElement$1.proceed(ExecChainElement.java:57)
at org.apache.hc.client5.http.impl.classic.ProtocolExec.execute(ProtocolExec.java:172)
at org.apache.hc.client5.http.impl.classic.ExecChainElement.execute(ExecChainElement.java:51)
at org.apache.hc.client5.http.impl.classic.ExecChainElement$1.proceed(ExecChainElement.java:57)
at org.apache.hc.client5.http.impl.classic.HttpRequestRetryExec.execute(HttpRequestRetryExec.java:93)
at org.apache.hc.client5.http.impl.classic.ExecChainElement.execute(ExecChainElement.java:51)
at org.apache.hc.client5.http.impl.classic.ExecChainElement$1.proceed(ExecChainElement.java:57)
at org.apache.hc.client5.http.impl.classic.ContentCompressionExec.execute(ContentCompressionExec.java:128)
at org.apache.hc.client5.http.impl.classic.ExecChainElement.execute(ExecChainElement.java:51)
at org.apache.hc.client5.http.impl.classic.ExecChainElement$1.proceed(ExecChainElement.java:57)
at org.apache.hc.client5.http.impl.classic.RedirectExec.execute(RedirectExec.java:116)
at org.apache.hc.client5.http.impl.classic.ExecChainElement.execute(ExecChainElement.java:51)
at org.apache.hc.client5.http.impl.classic.InternalHttpClient.doExecute(InternalHttpClient.java:178)
at org.apache.hc.client5.http.impl.classic.CloseableHttpClient.execute(CloseableHttpClient.java:75)
at org.apache.hc.client5.http.impl.classic.CloseableHttpClient.execute(CloseableHttpClient.java:89)
at io.github.bonigarcia.wdm.online.HttpClient.execute(HttpClient.java:139)
at io.github.bonigarcia.wdm.WebDriverManager.getDriversFromXml(WebDriverManager.java:930)
... 26 more
... Removed 10 stack frames]]>
    </failure>
  </testcase> <!-- @BeforeClass init -->
  <testcase name="@BeforeMethod beforeMethod" time="-1.621753327468E9" classname="org.dolphin.DynamicPropertiesTest">
    <skipped/>
  </testcase> <!-- @BeforeMethod beforeMethod -->
  <testcase name="@AfterClass tearDown" time="-1.621753327469E9" classname="org.dolphin.DynamicPropertiesTest">
    <skipped/>
  </testcase> <!-- @AfterClass tearDown -->
  <testcase name="@BeforeClass init" time="0.203" classname="org.dolphin.WebTableTest">
    <failure type="io.github.bonigarcia.wdm.config.WebDriverManagerException" message="io.github.bonigarcia.wdm.config.WebDriverManagerException: java.net.UnknownHostException: chromedriver.storage.googleapis.com">
      <![CDATA[io.github.bonigarcia.wdm.config.WebDriverManagerException: io.github.bonigarcia.wdm.config.WebDriverManagerException: java.net.UnknownHostException: chromedriver.storage.googleapis.com
at io.github.bonigarcia.wdm.WebDriverManager.handleException(WebDriverManager.java:802)
at io.github.bonigarcia.wdm.WebDriverManager.manage(WebDriverManager.java:593)
at io.github.bonigarcia.wdm.WebDriverManager.fallback(WebDriverManager.java:818)
at io.github.bonigarcia.wdm.WebDriverManager.handleException(WebDriverManager.java:799)
at io.github.bonigarcia.wdm.WebDriverManager.manage(WebDriverManager.java:593)
at io.github.bonigarcia.wdm.WebDriverManager.handleException(WebDriverManager.java:792)
at io.github.bonigarcia.wdm.WebDriverManager.manage(WebDriverManager.java:593)
at io.github.bonigarcia.wdm.WebDriverManager.setup(WebDriverManager.java:286)
at org.dolphin.Base.setDriver(Base.java:54)
at org.dolphin.Base.getDriver(Base.java:62)
at org.dolphin.WebTableTest.init(WebTableTest.java:25)
at java.util.concurrent.ThreadPoolExecutor.runWorker(ThreadPoolExecutor.java:1149)
at java.util.concurrent.ThreadPoolExecutor$Worker.run(ThreadPoolExecutor.java:624)
at java.lang.Thread.run(Thread.java:748)
Caused by: io.github.bonigarcia.wdm.config.WebDriverManagerException: java.net.UnknownHostException: chromedriver.storage.googleapis.com
at io.github.bonigarcia.wdm.WebDriverManager.getDriversFromXml(WebDriverManager.java:945)
at io.github.bonigarcia.wdm.managers.ChromeDriverManager.getDriverUrls(ChromeDriverManager.java:100)
at io.github.bonigarcia.wdm.WebDriverManager.createUrlHandler(WebDriverManager.java:823)
at io.github.bonigarcia.wdm.WebDriverManager.download(WebDriverManager.java:670)
at io.github.bonigarcia.wdm.WebDriverManager.manage(WebDriverManager.java:587)
... 22 more
Caused by: java.net.UnknownHostException: chromedriver.storage.googleapis.com
at java.net.InetAddress.getAllByName0(InetAddress.java:1281)
at java.net.InetAddress.getAllByName(InetAddress.java:1193)
at java.net.InetAddress.getAllByName(InetAddress.java:1127)
at org.apache.hc.client5.http.SystemDefaultDnsResolver.resolve(SystemDefaultDnsResolver.java:43)
at org.apache.hc.client5.http.impl.io.DefaultHttpClientConnectionOperator.connect(DefaultHttpClientConnectionOperator.java:118)
at org.apache.hc.client5.http.impl.io.PoolingHttpClientConnectionManager.connect(PoolingHttpClientConnectionManager.java:409)
at org.apache.hc.client5.http.impl.classic.InternalExecRuntime.connectEndpoint(InternalExecRuntime.java:164)
at org.apache.hc.client5.http.impl.classic.InternalExecRuntime.connectEndpoint(InternalExecRuntime.java:174)
at org.apache.hc.client5.http.impl.classic.ConnectExec.execute(ConnectExec.java:135)
at org.apache.hc.client5.http.impl.classic.ExecChainElement.execute(ExecChainElement.java:51)
at org.apache.hc.client5.http.impl.classic.ExecChainElement$1.proceed(ExecChainElement.java:57)
at org.apache.hc.client5.http.impl.classic.ProtocolExec.execute(ProtocolExec.java:172)
at org.apache.hc.client5.http.impl.classic.ExecChainElement.execute(ExecChainElement.java:51)
at org.apache.hc.client5.http.impl.classic.ExecChainElement$1.proceed(ExecChainElement.java:57)
at org.apache.hc.client5.http.impl.classic.HttpRequestRetryExec.execute(HttpRequestRetryExec.java:93)
at org.apache.hc.client5.http.impl.classic.ExecChainElement.execute(ExecChainElement.java:51)
at org.apache.hc.client5.http.impl.classic.ExecChainElement$1.proceed(ExecChainElement.java:57)
at org.apache.hc.client5.http.impl.classic.ContentCompressionExec.execute(ContentCompressionExec.java:128)
at org.apache.hc.client5.http.impl.classic.ExecChainElement.execute(ExecChainElement.java:51)
at org.apache.hc.client5.http.impl.classic.ExecChainElement$1.proceed(ExecChainElement.java:57)
at org.apache.hc.client5.http.impl.classic.RedirectExec.execute(RedirectExec.java:116)
at org.apache.hc.client5.http.impl.classic.ExecChainElement.execute(ExecChainElement.java:51)
at org.apache.hc.client5.http.impl.classic.InternalHttpClient.doExecute(InternalHttpClient.java:178)
at org.apache.hc.client5.http.impl.classic.CloseableHttpClient.execute(CloseableHttpClient.java:75)
at org.apache.hc.client5.http.impl.classic.CloseableHttpClient.execute(CloseableHttpClient.java:89)
at io.github.bonigarcia.wdm.online.HttpClient.execute(HttpClient.java:139)
at io.github.bonigarcia.wdm.WebDriverManager.getDriversFromXml(WebDriverManager.java:930)
... 26 more
... Removed 10 stack frames]]>
    </failure>
  </testcase> <!-- @BeforeClass init -->
  <testcase name="@BeforeMethod beforeMethod" time="-1.621753327519E9" classname="org.dolphin.WebTableTest">
    <skipped/>
  </testcase> <!-- @BeforeMethod beforeMethod -->
  <testcase name="@BeforeMethod beforeMethod" time="-1.62175332752E9" classname="org.dolphin.WebTableTest">
    <skipped/>
  </testcase> <!-- @BeforeMethod beforeMethod -->
  <testcase name="@BeforeMethod beforeMethod" time="-1.621753327521E9" classname="org.dolphin.WebTableTest">
    <skipped/>
  </testcase> <!-- @BeforeMethod beforeMethod -->
  <testcase name="@AfterClass tearDown" time="-1.621753327522E9" classname="org.dolphin.WebTableTest">
    <skipped/>
  </testcase> <!-- @AfterClass tearDown -->
  <testcase name="verifyAlertHandling" time="0.0" classname="org.dolphin.AlertTest">
    <skipped/>
  </testcase> <!-- verifyAlertHandling -->
  <testcase name="verifyProgressBarTest" time="0.0" classname="org.dolphin.ProgressBarTest">
    <skipped/>
  </testcase> <!-- verifyProgressBarTest -->
  <testcase name="verifyTextBoxTest" time="0.0" classname="org.dolphin.TextBoxTest">
    <skipped/>
  </testcase> <!-- verifyTextBoxTest -->
  <testcase name="verifyTextBoxTest" time="0.0" classname="org.dolphin.TextBoxTest">
    <skipped/>
  </testcase> <!-- verifyTextBoxTest -->
  <testcase name="verifyTextBoxTest" time="0.0" classname="org.dolphin.TextBoxTest">
    <skipped/>
  </testcase> <!-- verifyTextBoxTest -->
  <testcase name="verifyUploadDownloadTest" time="0.0" classname="org.dolphin.uploadDownloadTest">
    <skipped/>
  </testcase> <!-- verifyUploadDownloadTest -->
  <testcase name="verifyTabTest" time="0.0" classname="org.dolphin.TabTest">
    <skipped/>
  </testcase> <!-- verifyTabTest -->
  <testcase name="verifyCheckBoxes" time="0.0" classname="org.dolphin.CheckBoxTets">
    <skipped/>
  </testcase> <!-- verifyCheckBoxes -->
  <testcase name="verifyHandlingAccordian" time="0.0" classname="org.dolphin.AccordianTest">
    <skipped/>
  </testcase> <!-- verifyHandlingAccordian -->
  <testcase name="verifyLinkOperations" time="0.0" classname="org.dolphin.LinkTest">
    <skipped/>
  </testcase> <!-- verifyLinkOperations -->
  <testcase name="verifyFrameHandling" time="0.0" classname="org.dolphin.FramesTest">
    <skipped/>
  </testcase> <!-- verifyFrameHandling -->
  <testcase name="verifyElementsTest" time="0.0" classname="org.dolphin.MenuTest">
    <skipped/>
  </testcase> <!-- verifyElementsTest -->
  <testcase name="verifyBookPurchaseFlowTest" time="0.0" classname="org.dolphin.LoginTest">
    <skipped/>
  </testcase> <!-- verifyBookPurchaseFlowTest -->
  <testcase name="loginToApp" time="0.0" classname="org.dolphin.LoginTest">
    <skipped/>
  </testcase> <!-- loginToApp -->
  <testcase name="invalidCredentialsTest" time="0.0" classname="org.dolphin.LoginTest">
    <skipped/>
  </testcase> <!-- invalidCredentialsTest -->
  <testcase name="invalidCredentialsTest" time="0.0" classname="org.dolphin.LoginTest">
    <skipped/>
  </testcase> <!-- invalidCredentialsTest -->
  <testcase name="invalidCredentialsTest" time="0.0" classname="org.dolphin.LoginTest">
    <skipped/>
  </testcase> <!-- invalidCredentialsTest -->
  <testcase name="verifyBlankUserNameTest" time="0.0" classname="org.dolphin.LoginTest">
    <skipped/>
  </testcase> <!-- verifyBlankUserNameTest -->
  <testcase name="verifyBlankUserNameTest" time="0.0" classname="org.dolphin.LoginTest">
    <skipped/>
  </testcase> <!-- verifyBlankUserNameTest -->
  <testcase name="verifyBlankUserNameTest" time="0.0" classname="org.dolphin.LoginTest">
    <skipped/>
  </testcase> <!-- verifyBlankUserNameTest -->
  <testcase name="verifyBlankPasswordTest" time="0.0" classname="org.dolphin.LoginTest">
    <skipped/>
  </testcase> <!-- verifyBlankPasswordTest -->
  <testcase name="verifyBlankPasswordTest" time="0.0" classname="org.dolphin.LoginTest">
    <skipped/>
  </testcase> <!-- verifyBlankPasswordTest -->
  <testcase name="verifyBlankPasswordTest" time="0.0" classname="org.dolphin.LoginTest">
    <skipped/>
  </testcase> <!-- verifyBlankPasswordTest -->
  <testcase name="verifyRadioButtonSelectionTest" time="0.0" classname="org.dolphin.RadioButtonTest">
    <skipped/>
  </testcase> <!-- verifyRadioButtonSelectionTest -->
  <testcase name="verifyModalTest" time="0.0" classname="org.dolphin.ModalDialogTest">
    <skipped/>
  </testcase> <!-- verifyModalTest -->
  <testcase name="verifyDatePicker" time="0.0" classname="org.dolphin.DatePickerTest">
    <skipped/>
  </testcase> <!-- verifyDatePicker -->
  <testcase name="verifyDatePicker" time="0.0" classname="org.dolphin.DatePickerTest">
    <skipped/>
  </testcase> <!-- verifyDatePicker -->
  <testcase name="verifyDatePicker" time="0.0" classname="org.dolphin.DatePickerTest">
    <skipped/>
  </testcase> <!-- verifyDatePicker -->
  <testcase name="verifyDatePicker" time="0.0" classname="org.dolphin.DatePickerTest">
    <skipped/>
  </testcase> <!-- verifyDatePicker -->
  <testcase name="verifySelectMenuTest" time="0.0" classname="org.dolphin.SelectMenuTest">
    <skipped/>
  </testcase> <!-- verifySelectMenuTest -->
  <testcase name="verifySliderTest" time="0.0" classname="org.dolphin.SliderTest">
    <skipped/>
  </testcase> <!-- verifySliderTest -->
  <testcase name="verifyFillTheForm" time="0.0" classname="org.dolphin.PracticeFormTest">
    <skipped/>
  </testcase> <!-- verifyFillTheForm -->
  <testcase name="verifyFillTheForm" time="0.0" classname="org.dolphin.PracticeFormTest">
    <skipped/>
  </testcase> <!-- verifyFillTheForm -->
  <testcase name="verifyFillTheForm" time="0.0" classname="org.dolphin.PracticeFormTest">
    <skipped/>
  </testcase> <!-- verifyFillTheForm -->
  <testcase name="verifyFillTheForm" time="0.0" classname="org.dolphin.PracticeFormTest">
    <skipped/>
  </testcase> <!-- verifyFillTheForm -->
  <testcase name="verifyFillTheForm" time="0.0" classname="org.dolphin.PracticeFormTest">
    <skipped/>
  </testcase> <!-- verifyFillTheForm -->
  <testcase name="verifyFillTheForm" time="0.0" classname="org.dolphin.PracticeFormTest">
    <skipped/>
  </testcase> <!-- verifyFillTheForm -->
  <testcase name="verifyDynamicPropertiesTest" time="0.0" classname="org.dolphin.DynamicPropertiesTest">
    <skipped/>
  </testcase> <!-- verifyDynamicPropertiesTest -->
  <testcase name="verifyWebTableTest" time="0.0" classname="org.dolphin.WebTableTest">
    <skipped/>
  </testcase> <!-- verifyWebTableTest -->
  <testcase name="verifyWebTableTest" time="0.0" classname="org.dolphin.WebTableTest">
    <skipped/>
  </testcase> <!-- verifyWebTableTest -->
  <testcase name="verifyWebTableTest" time="0.0" classname="org.dolphin.WebTableTest">
    <skipped/>
  </testcase> <!-- verifyWebTableTest -->
  <testcase name="@BeforeSuite beforeSuite" time="0.0" classname="org.dolphin.Base">
    <ignored/>
  </testcase> <!-- @BeforeSuite beforeSuite -->
  <testcase name="@BeforeSuite beforeSuite" time="0.0" classname="org.dolphin.Base">
    <ignored/>
  </testcase> <!-- @BeforeSuite beforeSuite -->
  <testcase name="@BeforeSuite beforeSuite" time="0.0" classname="org.dolphin.Base">
    <ignored/>
  </testcase> <!-- @BeforeSuite beforeSuite -->
  <testcase name="@BeforeSuite beforeSuite" time="0.0" classname="org.dolphin.Base">
    <ignored/>
  </testcase> <!-- @BeforeSuite beforeSuite -->
  <testcase name="@BeforeSuite beforeSuite" time="0.0" classname="org.dolphin.Base">
    <ignored/>
  </testcase> <!-- @BeforeSuite beforeSuite -->
  <testcase name="@BeforeSuite beforeSuite" time="0.0" classname="org.dolphin.Base">
    <ignored/>
  </testcase> <!-- @BeforeSuite beforeSuite -->
  <testcase name="@BeforeSuite beforeSuite" time="0.0" classname="org.dolphin.Base">
    <ignored/>
  </testcase> <!-- @BeforeSuite beforeSuite -->
  <testcase name="@BeforeSuite beforeSuite" time="0.0" classname="org.dolphin.Base">
    <ignored/>
  </testcase> <!-- @BeforeSuite beforeSuite -->
  <testcase name="@BeforeSuite beforeSuite" time="0.0" classname="org.dolphin.Base">
    <ignored/>
  </testcase> <!-- @BeforeSuite beforeSuite -->
  <testcase name="@BeforeSuite beforeSuite" time="0.0" classname="org.dolphin.Base">
    <ignored/>
  </testcase> <!-- @BeforeSuite beforeSuite -->
  <testcase name="@BeforeSuite beforeSuite" time="0.0" classname="org.dolphin.Base">
    <ignored/>
  </testcase> <!-- @BeforeSuite beforeSuite -->
  <testcase name="@BeforeSuite beforeSuite" time="0.0" classname="org.dolphin.Base">
    <ignored/>
  </testcase> <!-- @BeforeSuite beforeSuite -->
  <testcase name="@BeforeSuite beforeSuite" time="0.0" classname="org.dolphin.Base">
    <ignored/>
  </testcase> <!-- @BeforeSuite beforeSuite -->
  <testcase name="@BeforeSuite beforeSuite" time="0.0" classname="org.dolphin.Base">
    <ignored/>
  </testcase> <!-- @BeforeSuite beforeSuite -->
  <testcase name="@BeforeSuite beforeSuite" time="0.0" classname="org.dolphin.Base">
    <ignored/>
  </testcase> <!-- @BeforeSuite beforeSuite -->
  <testcase name="@BeforeSuite beforeSuite" time="0.0" classname="org.dolphin.Base">
    <ignored/>
  </testcase> <!-- @BeforeSuite beforeSuite -->
  <testcase name="@BeforeSuite beforeSuite" time="0.0" classname="org.dolphin.Base">
    <ignored/>
  </testcase> <!-- @BeforeSuite beforeSuite -->
  <testcase name="@BeforeSuite beforeSuite" time="0.0" classname="org.dolphin.Base">
    <ignored/>
  </testcase> <!-- @BeforeSuite beforeSuite -->
</testsuite> <!-- Command line test 7f32c629-1062-4e7e-961f-8a30d4185ab5 -->
